{"/Users/alou/Codes/github.com/warriorguo/ozx_apm/admin/src/App.tsx": {"path":"/Users/alou/Codes/github.com/warriorguo/ozx_apm/admin/src/App.tsx","all":true,"statementMap":{"0":{"start":{"line":1,"column":0},"end":{"line":1,"column":63}},"1":{"start":{"line":2,"column":0},"end":{"line":2,"column":44}},"2":{"start":{"line":3,"column":0},"end":{"line":3,"column":45}},"3":{"start":{"line":4,"column":0},"end":{"line":4,"column":49}},"4":{"start":{"line":5,"column":0},"end":{"line":5,"column":41}},"5":{"start":{"line":6,"column":0},"end":{"line":6,"column":47}},"6":{"start":{"line":7,"column":0},"end":{"line":7,"column":0}},"7":{"start":{"line":8,"column":0},"end":{"line":8,"column":16}},"8":{"start":{"line":9,"column":0},"end":{"line":9,"column":10}},"9":{"start":{"line":10,"column":0},"end":{"line":10,"column":19}},"10":{"start":{"line":11,"column":0},"end":{"line":11,"column":14}},"11":{"start":{"line":12,"column":0},"end":{"line":12,"column":45}},"12":{"start":{"line":13,"column":0},"end":{"line":13,"column":49}},"13":{"start":{"line":14,"column":0},"end":{"line":14,"column":64}},"14":{"start":{"line":15,"column":0},"end":{"line":15,"column":56}},"15":{"start":{"line":16,"column":0},"end":{"line":16,"column":62}},"16":{"start":{"line":17,"column":0},"end":{"line":17,"column":16}},"17":{"start":{"line":18,"column":0},"end":{"line":18,"column":15}},"18":{"start":{"line":19,"column":0},"end":{"line":19,"column":20}},"19":{"start":{"line":20,"column":0},"end":{"line":20,"column":3}},"20":{"start":{"line":21,"column":0},"end":{"line":21,"column":1}},"21":{"start":{"line":22,"column":0},"end":{"line":22,"column":0}},"22":{"start":{"line":23,"column":0},"end":{"line":23,"column":18}}},"s":{"0":0,"1":0,"2":0,"3":0,"4":0,"5":0,"6":0,"7":0,"8":0,"9":0,"10":0,"11":0,"12":0,"13":0,"14":0,"15":0,"16":0,"17":0,"18":0,"19":0,"20":0,"21":0,"22":0},"branchMap":{"0":{"type":"branch","line":1,"loc":{"start":{"line":1,"column":719},"end":{"line":23,"column":18}},"locations":[{"start":{"line":1,"column":719},"end":{"line":23,"column":18}}]}},"b":{"0":[0]},"fnMap":{"0":{"name":"(empty-report)","decl":{"start":{"line":1,"column":719},"end":{"line":23,"column":18}},"loc":{"start":{"line":1,"column":719},"end":{"line":23,"column":18}},"line":1}},"f":{"0":0}}
,"/Users/alou/Codes/github.com/warriorguo/ozx_apm/admin/src/components/DataTable.tsx": {"path":"/Users/alou/Codes/github.com/warriorguo/ozx_apm/admin/src/components/DataTable.tsx","all":false,"statementMap":{"0":{"start":{"line":1,"column":0},"end":{"line":1,"column":33}},"1":{"start":{"line":2,"column":0},"end":{"line":2,"column":0}},"2":{"start":{"line":3,"column":0},"end":{"line":3,"column":21}},"3":{"start":{"line":4,"column":0},"end":{"line":4,"column":13}},"4":{"start":{"line":5,"column":0},"end":{"line":5,"column":16}},"5":{"start":{"line":6,"column":0},"end":{"line":6,"column":33}},"6":{"start":{"line":7,"column":0},"end":{"line":7,"column":20}},"7":{"start":{"line":8,"column":0},"end":{"line":8,"column":1}},"8":{"start":{"line":9,"column":0},"end":{"line":9,"column":0}},"9":{"start":{"line":10,"column":0},"end":{"line":10,"column":29}},"10":{"start":{"line":11,"column":0},"end":{"line":11,"column":11}},"11":{"start":{"line":12,"column":0},"end":{"line":12,"column":22}},"12":{"start":{"line":13,"column":0},"end":{"line":13,"column":32}},"13":{"start":{"line":14,"column":0},"end":{"line":14,"column":23}},"14":{"start":{"line":15,"column":0},"end":{"line":15,"column":21}},"15":{"start":{"line":16,"column":0},"end":{"line":16,"column":1}},"16":{"start":{"line":17,"column":0},"end":{"line":17,"column":0}},"17":{"start":{"line":18,"column":0},"end":{"line":18,"column":62}},"18":{"start":{"line":19,"column":0},"end":{"line":19,"column":7}},"19":{"start":{"line":20,"column":0},"end":{"line":20,"column":10}},"20":{"start":{"line":21,"column":0},"end":{"line":21,"column":13}},"21":{"start":{"line":22,"column":0},"end":{"line":22,"column":37}},"22":{"start":{"line":23,"column":0},"end":{"line":23,"column":20}},"23":{"start":{"line":24,"column":0},"end":{"line":24,"column":23}},"24":{"start":{"line":25,"column":0},"end":{"line":25,"column":18}},"25":{"start":{"line":26,"column":0},"end":{"line":26,"column":12}},"26":{"start":{"line":27,"column":0},"end":{"line":27,"column":80}},"27":{"start":{"line":28,"column":0},"end":{"line":28,"column":18}},"28":{"start":{"line":29,"column":0},"end":{"line":29,"column":12}},"29":{"start":{"line":30,"column":0},"end":{"line":30,"column":5}},"30":{"start":{"line":31,"column":0},"end":{"line":31,"column":3}},"31":{"start":{"line":32,"column":0},"end":{"line":32,"column":0}},"32":{"start":{"line":33,"column":0},"end":{"line":33,"column":26}},"33":{"start":{"line":34,"column":0},"end":{"line":34,"column":12}},"34":{"start":{"line":35,"column":0},"end":{"line":35,"column":80}},"35":{"start":{"line":36,"column":0},"end":{"line":36,"column":22}},"36":{"start":{"line":37,"column":0},"end":{"line":37,"column":12}},"37":{"start":{"line":38,"column":0},"end":{"line":38,"column":5}},"38":{"start":{"line":39,"column":0},"end":{"line":39,"column":3}},"39":{"start":{"line":40,"column":0},"end":{"line":40,"column":0}},"40":{"start":{"line":41,"column":0},"end":{"line":41,"column":10}},"41":{"start":{"line":42,"column":0},"end":{"line":42,"column":64}},"42":{"start":{"line":43,"column":0},"end":{"line":43,"column":39}},"43":{"start":{"line":44,"column":0},"end":{"line":44,"column":34}},"44":{"start":{"line":45,"column":0},"end":{"line":45,"column":17}},"45":{"start":{"line":46,"column":0},"end":{"line":46,"column":64}},"46":{"start":{"line":47,"column":0},"end":{"line":47,"column":37}},"47":{"start":{"line":48,"column":0},"end":{"line":48,"column":19}},"48":{"start":{"line":49,"column":0},"end":{"line":49,"column":31}},"49":{"start":{"line":50,"column":0},"end":{"line":50,"column":133}},"50":{"start":{"line":51,"column":0},"end":{"line":51,"column":17}},"51":{"start":{"line":52,"column":0},"end":{"line":52,"column":30}},"52":{"start":{"line":53,"column":0},"end":{"line":53,"column":21}},"53":{"start":{"line":54,"column":0},"end":{"line":54,"column":17}},"54":{"start":{"line":55,"column":0},"end":{"line":55,"column":17}},"55":{"start":{"line":56,"column":0},"end":{"line":56,"column":18}},"56":{"start":{"line":57,"column":0},"end":{"line":57,"column":54}},"57":{"start":{"line":58,"column":0},"end":{"line":58,"column":40}},"58":{"start":{"line":59,"column":0},"end":{"line":59,"column":17}},"59":{"start":{"line":60,"column":0},"end":{"line":60,"column":27}},"60":{"start":{"line":61,"column":0},"end":{"line":61,"column":50}},"61":{"start":{"line":62,"column":0},"end":{"line":62,"column":84}},"62":{"start":{"line":63,"column":0},"end":{"line":63,"column":15}},"63":{"start":{"line":64,"column":0},"end":{"line":64,"column":39}},"64":{"start":{"line":65,"column":0},"end":{"line":65,"column":21}},"65":{"start":{"line":66,"column":0},"end":{"line":66,"column":33}},"66":{"start":{"line":67,"column":0},"end":{"line":67,"column":88}},"67":{"start":{"line":68,"column":0},"end":{"line":68,"column":19}},"68":{"start":{"line":69,"column":0},"end":{"line":69,"column":81}},"69":{"start":{"line":70,"column":0},"end":{"line":70,"column":23}},"70":{"start":{"line":71,"column":0},"end":{"line":71,"column":19}},"71":{"start":{"line":72,"column":0},"end":{"line":72,"column":19}},"72":{"start":{"line":73,"column":0},"end":{"line":73,"column":15}},"73":{"start":{"line":74,"column":0},"end":{"line":74,"column":18}},"74":{"start":{"line":75,"column":0},"end":{"line":75,"column":16}},"75":{"start":{"line":76,"column":0},"end":{"line":76,"column":12}},"76":{"start":{"line":77,"column":0},"end":{"line":77,"column":10}},"77":{"start":{"line":78,"column":0},"end":{"line":78,"column":3}},"78":{"start":{"line":79,"column":0},"end":{"line":79,"column":1}}},"s":{"0":1,"1":1,"2":1,"3":1,"4":1,"5":1,"6":1,"7":1,"8":1,"9":1,"10":1,"11":1,"12":1,"13":1,"14":1,"15":1,"16":1,"17":1,"18":8,"19":8,"20":8,"21":8,"22":8,"23":8,"24":8,"25":1,"26":1,"27":1,"28":1,"29":1,"30":1,"31":7,"32":8,"33":2,"34":2,"35":2,"36":2,"37":2,"38":2,"39":5,"40":5,"41":5,"42":5,"43":5,"44":5,"45":5,"46":5,"47":11,"48":11,"49":11,"50":11,"51":11,"52":11,"53":5,"54":5,"55":5,"56":5,"57":5,"58":10,"59":10,"60":10,"61":10,"62":10,"63":10,"64":22,"65":22,"66":22,"67":22,"68":22,"69":22,"70":10,"71":10,"72":5,"73":5,"74":5,"75":5,"76":5,"77":5,"78":5},"branchMap":{"0":{"type":"branch","line":18,"loc":{"start":{"line":18,"column":7},"end":{"line":79,"column":1}},"locations":[{"start":{"line":18,"column":7},"end":{"line":79,"column":1}}]},"1":{"type":"branch","line":25,"loc":{"start":{"line":25,"column":17},"end":{"line":31,"column":3}},"locations":[{"start":{"line":25,"column":17},"end":{"line":31,"column":3}}]},"2":{"type":"branch","line":31,"loc":{"start":{"line":31,"column":2},"end":{"line":33,"column":25}},"locations":[{"start":{"line":31,"column":2},"end":{"line":33,"column":25}}]},"3":{"type":"branch","line":33,"loc":{"start":{"line":33,"column":25},"end":{"line":39,"column":3}},"locations":[{"start":{"line":33,"column":25},"end":{"line":39,"column":3}}]},"4":{"type":"branch","line":39,"loc":{"start":{"line":39,"column":2},"end":{"line":79,"column":1}},"locations":[{"start":{"line":39,"column":2},"end":{"line":79,"column":1}}]},"5":{"type":"branch","line":47,"loc":{"start":{"line":47,"column":27},"end":{"line":53,"column":21}},"locations":[{"start":{"line":47,"column":27},"end":{"line":53,"column":21}}]},"6":{"type":"branch","line":50,"loc":{"start":{"line":50,"column":115},"end":{"line":50,"column":130}},"locations":[{"start":{"line":50,"column":115},"end":{"line":50,"column":130}}]},"7":{"type":"branch","line":58,"loc":{"start":{"line":58,"column":22},"end":{"line":72,"column":19}},"locations":[{"start":{"line":58,"column":22},"end":{"line":72,"column":19}}]},"8":{"type":"branch","line":62,"loc":{"start":{"line":62,"column":30},"end":{"line":62,"column":79}},"locations":[{"start":{"line":62,"column":30},"end":{"line":62,"column":79}}]},"9":{"type":"branch","line":62,"loc":{"start":{"line":62,"column":43},"end":{"line":62,"column":81}},"locations":[{"start":{"line":62,"column":43},"end":{"line":62,"column":81}}]},"10":{"type":"branch","line":61,"loc":{"start":{"line":61,"column":25},"end":{"line":61,"column":50}},"locations":[{"start":{"line":61,"column":25},"end":{"line":61,"column":50}}]},"11":{"type":"branch","line":64,"loc":{"start":{"line":64,"column":29},"end":{"line":70,"column":23}},"locations":[{"start":{"line":64,"column":29},"end":{"line":70,"column":23}}]},"12":{"type":"branch","line":67,"loc":{"start":{"line":67,"column":70},"end":{"line":67,"column":85}},"locations":[{"start":{"line":67,"column":70},"end":{"line":67,"column":85}}]},"13":{"type":"branch","line":69,"loc":{"start":{"line":69,"column":25},"end":{"line":69,"column":53}},"locations":[{"start":{"line":69,"column":25},"end":{"line":69,"column":53}}]},"14":{"type":"branch","line":69,"loc":{"start":{"line":69,"column":49},"end":{"line":69,"column":81}},"locations":[{"start":{"line":69,"column":49},"end":{"line":69,"column":81}}]},"15":{"type":"branch","line":69,"loc":{"start":{"line":69,"column":72},"end":{"line":69,"column":79}},"locations":[{"start":{"line":69,"column":72},"end":{"line":69,"column":79}}]}},"b":{"0":[8],"1":[1],"2":[7],"3":[2],"4":[5],"5":[11],"6":[10],"7":[10],"8":[2],"9":[8],"10":[1],"11":[22],"12":[20],"13":[2],"14":[20],"15":[0]},"fnMap":{"0":{"name":"DataTable","decl":{"start":{"line":18,"column":7},"end":{"line":79,"column":1}},"loc":{"start":{"line":18,"column":7},"end":{"line":79,"column":1}},"line":18},"1":{"name":"onClick","decl":{"start":{"line":61,"column":25},"end":{"line":61,"column":50}},"loc":{"start":{"line":61,"column":25},"end":{"line":61,"column":50}},"line":61}},"f":{"0":8,"1":1}}
,"/Users/alou/Codes/github.com/warriorguo/ozx_apm/admin/src/components/DistributionChart.tsx": {"path":"/Users/alou/Codes/github.com/warriorguo/ozx_apm/admin/src/components/DistributionChart.tsx","all":true,"statementMap":{"0":{"start":{"line":1,"column":0},"end":{"line":1,"column":8}},"1":{"start":{"line":2,"column":0},"end":{"line":2,"column":11}},"2":{"start":{"line":3,"column":0},"end":{"line":3,"column":6}},"3":{"start":{"line":4,"column":0},"end":{"line":4,"column":8}},"4":{"start":{"line":5,"column":0},"end":{"line":5,"column":8}},"5":{"start":{"line":6,"column":0},"end":{"line":6,"column":16}},"6":{"start":{"line":7,"column":0},"end":{"line":7,"column":10}},"7":{"start":{"line":8,"column":0},"end":{"line":8,"column":22}},"8":{"start":{"line":9,"column":0},"end":{"line":9,"column":17}},"9":{"start":{"line":10,"column":0},"end":{"line":10,"column":56}},"10":{"start":{"line":11,"column":0},"end":{"line":11,"column":0}},"11":{"start":{"line":12,"column":0},"end":{"line":12,"column":34}},"12":{"start":{"line":13,"column":0},"end":{"line":13,"column":28}},"13":{"start":{"line":14,"column":0},"end":{"line":14,"column":15}},"14":{"start":{"line":15,"column":0},"end":{"line":15,"column":16}},"15":{"start":{"line":16,"column":0},"end":{"line":16,"column":1}},"16":{"start":{"line":17,"column":0},"end":{"line":17,"column":0}},"17":{"start":{"line":18,"column":0},"end":{"line":18,"column":35}},"18":{"start":{"line":19,"column":0},"end":{"line":19,"column":7}},"19":{"start":{"line":20,"column":0},"end":{"line":20,"column":8}},"20":{"start":{"line":21,"column":0},"end":{"line":21,"column":20}},"21":{"start":{"line":22,"column":0},"end":{"line":22,"column":28}},"22":{"start":{"line":23,"column":0},"end":{"line":23,"column":10}},"23":{"start":{"line":24,"column":0},"end":{"line":24,"column":52}},"24":{"start":{"line":25,"column":0},"end":{"line":25,"column":61}},"25":{"start":{"line":26,"column":0},"end":{"line":26,"column":70}},"26":{"start":{"line":27,"column":0},"end":{"line":27,"column":58}},"27":{"start":{"line":28,"column":0},"end":{"line":28,"column":49}},"28":{"start":{"line":29,"column":0},"end":{"line":29,"column":49}},"29":{"start":{"line":30,"column":0},"end":{"line":30,"column":49}},"30":{"start":{"line":31,"column":0},"end":{"line":31,"column":49}},"31":{"start":{"line":32,"column":0},"end":{"line":32,"column":14}},"32":{"start":{"line":33,"column":0},"end":{"line":33,"column":12}},"33":{"start":{"line":34,"column":0},"end":{"line":34,"column":28}},"34":{"start":{"line":35,"column":0},"end":{"line":35,"column":56}},"35":{"start":{"line":36,"column":0},"end":{"line":36,"column":92}},"36":{"start":{"line":37,"column":0},"end":{"line":37,"column":68}},"37":{"start":{"line":38,"column":0},"end":{"line":38,"column":18}},"38":{"start":{"line":39,"column":0},"end":{"line":39,"column":30}},"39":{"start":{"line":40,"column":0},"end":{"line":40,"column":37}},"40":{"start":{"line":41,"column":0},"end":{"line":41,"column":30}},"41":{"start":{"line":42,"column":0},"end":{"line":42,"column":46}},"42":{"start":{"line":43,"column":0},"end":{"line":43,"column":25}},"43":{"start":{"line":44,"column":0},"end":{"line":44,"column":30}},"44":{"start":{"line":45,"column":0},"end":{"line":45,"column":25}},"45":{"start":{"line":46,"column":0},"end":{"line":46,"column":14}},"46":{"start":{"line":47,"column":0},"end":{"line":47,"column":18}},"47":{"start":{"line":48,"column":0},"end":{"line":48,"column":37}},"48":{"start":{"line":49,"column":0},"end":{"line":49,"column":30}},"49":{"start":{"line":50,"column":0},"end":{"line":50,"column":46}},"50":{"start":{"line":51,"column":0},"end":{"line":51,"column":14}},"51":{"start":{"line":52,"column":0},"end":{"line":52,"column":20}},"52":{"start":{"line":53,"column":0},"end":{"line":53,"column":78}},"53":{"start":{"line":54,"column":0},"end":{"line":54,"column":59}},"54":{"start":{"line":55,"column":0},"end":{"line":55,"column":45}},"55":{"start":{"line":56,"column":0},"end":{"line":56,"column":14}},"56":{"start":{"line":57,"column":0},"end":{"line":57,"column":70}},"57":{"start":{"line":58,"column":0},"end":{"line":58,"column":21}},"58":{"start":{"line":59,"column":0},"end":{"line":59,"column":30}},"59":{"start":{"line":60,"column":0},"end":{"line":60,"column":12}},"60":{"start":{"line":61,"column":0},"end":{"line":61,"column":10}},"61":{"start":{"line":62,"column":0},"end":{"line":62,"column":3}},"62":{"start":{"line":63,"column":0},"end":{"line":63,"column":1}}},"s":{"0":0,"1":0,"2":0,"3":0,"4":0,"5":0,"6":0,"7":0,"8":0,"9":0,"10":0,"11":0,"12":0,"13":0,"14":0,"15":0,"16":0,"17":0,"18":0,"19":0,"20":0,"21":0,"22":0,"23":0,"24":0,"25":0,"26":0,"27":0,"28":0,"29":0,"30":0,"31":0,"32":0,"33":0,"34":0,"35":0,"36":0,"37":0,"38":0,"39":0,"40":0,"41":0,"42":0,"43":0,"44":0,"45":0,"46":0,"47":0,"48":0,"49":0,"50":0,"51":0,"52":0,"53":0,"54":0,"55":0,"56":0,"57":0,"58":0,"59":0,"60":0,"61":0,"62":0},"branchMap":{"0":{"type":"branch","line":1,"loc":{"start":{"line":1,"column":0},"end":{"line":63,"column":-1152}},"locations":[{"start":{"line":1,"column":0},"end":{"line":63,"column":-1152}}]}},"b":{"0":[0]},"fnMap":{"0":{"name":"(empty-report)","decl":{"start":{"line":1,"column":0},"end":{"line":63,"column":-1152}},"loc":{"start":{"line":1,"column":0},"end":{"line":63,"column":-1152}},"line":1}},"f":{"0":0}}
,"/Users/alou/Codes/github.com/warriorguo/ozx_apm/admin/src/components/FilterBar.tsx": {"path":"/Users/alou/Codes/github.com/warriorguo/ozx_apm/admin/src/components/FilterBar.tsx","all":false,"statementMap":{"0":{"start":{"line":1,"column":0},"end":{"line":1,"column":53}},"1":{"start":{"line":2,"column":0},"end":{"line":2,"column":48}},"2":{"start":{"line":3,"column":0},"end":{"line":3,"column":0}},"3":{"start":{"line":4,"column":0},"end":{"line":4,"column":26}},"4":{"start":{"line":5,"column":0},"end":{"line":5,"column":24}},"5":{"start":{"line":6,"column":0},"end":{"line":6,"column":20}},"6":{"start":{"line":7,"column":0},"end":{"line":7,"column":18}},"7":{"start":{"line":8,"column":0},"end":{"line":8,"column":24}},"8":{"start":{"line":9,"column":0},"end":{"line":9,"column":50}},"9":{"start":{"line":10,"column":0},"end":{"line":10,"column":47}},"10":{"start":{"line":11,"column":0},"end":{"line":11,"column":46}},"11":{"start":{"line":12,"column":0},"end":{"line":12,"column":1}},"12":{"start":{"line":13,"column":0},"end":{"line":13,"column":0}},"13":{"start":{"line":14,"column":0},"end":{"line":14,"column":61}},"14":{"start":{"line":15,"column":0},"end":{"line":15,"column":35}},"15":{"start":{"line":16,"column":0},"end":{"line":16,"column":36}},"16":{"start":{"line":17,"column":0},"end":{"line":17,"column":38}},"17":{"start":{"line":18,"column":0},"end":{"line":18,"column":35}},"18":{"start":{"line":19,"column":0},"end":{"line":19,"column":37}},"19":{"start":{"line":20,"column":0},"end":{"line":20,"column":1}},"20":{"start":{"line":21,"column":0},"end":{"line":21,"column":0}},"21":{"start":{"line":22,"column":0},"end":{"line":22,"column":60}},"22":{"start":{"line":23,"column":0},"end":{"line":23,"column":0}},"23":{"start":{"line":24,"column":0},"end":{"line":24,"column":27}},"24":{"start":{"line":25,"column":0},"end":{"line":25,"column":13}},"25":{"start":{"line":26,"column":0},"end":{"line":26,"column":13}},"26":{"start":{"line":27,"column":0},"end":{"line":27,"column":11}},"27":{"start":{"line":28,"column":0},"end":{"line":28,"column":17}},"28":{"start":{"line":29,"column":0},"end":{"line":29,"column":21}},"29":{"start":{"line":30,"column":0},"end":{"line":30,"column":21}},"30":{"start":{"line":31,"column":0},"end":{"line":31,"column":19}},"31":{"start":{"line":32,"column":0},"end":{"line":32,"column":20}},"32":{"start":{"line":33,"column":0},"end":{"line":33,"column":50}},"33":{"start":{"line":34,"column":0},"end":{"line":34,"column":0}},"34":{"start":{"line":35,"column":0},"end":{"line":35,"column":10}},"35":{"start":{"line":36,"column":0},"end":{"line":36,"column":57}},"36":{"start":{"line":37,"column":0},"end":{"line":37,"column":57}},"37":{"start":{"line":38,"column":0},"end":{"line":38,"column":49}},"38":{"start":{"line":39,"column":0},"end":{"line":39,"column":62}},"39":{"start":{"line":40,"column":0},"end":{"line":40,"column":38}},"40":{"start":{"line":41,"column":0},"end":{"line":41,"column":42}},"41":{"start":{"line":42,"column":0},"end":{"line":42,"column":21}},"42":{"start":{"line":43,"column":0},"end":{"line":43,"column":34}},"43":{"start":{"line":44,"column":0},"end":{"line":44,"column":64}},"44":{"start":{"line":45,"column":0},"end":{"line":45,"column":56}},"45":{"start":{"line":46,"column":0},"end":{"line":46,"column":45}},"46":{"start":{"line":47,"column":0},"end":{"line":47,"column":46}},"47":{"start":{"line":48,"column":0},"end":{"line":48,"column":67}},"48":{"start":{"line":49,"column":0},"end":{"line":49,"column":19}},"49":{"start":{"line":50,"column":0},"end":{"line":50,"column":15}},"50":{"start":{"line":51,"column":0},"end":{"line":51,"column":30}},"51":{"start":{"line":52,"column":0},"end":{"line":52,"column":23}},"52":{"start":{"line":53,"column":0},"end":{"line":53,"column":15}},"53":{"start":{"line":54,"column":0},"end":{"line":54,"column":16}},"54":{"start":{"line":55,"column":0},"end":{"line":55,"column":14}},"55":{"start":{"line":56,"column":0},"end":{"line":56,"column":0}},"56":{"start":{"line":57,"column":0},"end":{"line":57,"column":49}},"57":{"start":{"line":58,"column":0},"end":{"line":58,"column":65}},"58":{"start":{"line":59,"column":0},"end":{"line":59,"column":17}},"59":{"start":{"line":60,"column":0},"end":{"line":60,"column":30}},"60":{"start":{"line":61,"column":0},"end":{"line":61,"column":64}},"61":{"start":{"line":62,"column":0},"end":{"line":62,"column":126}},"62":{"start":{"line":63,"column":0},"end":{"line":63,"column":11}},"63":{"start":{"line":64,"column":0},"end":{"line":64,"column":50}},"64":{"start":{"line":65,"column":0},"end":{"line":65,"column":34}},"65":{"start":{"line":66,"column":0},"end":{"line":66,"column":40}},"66":{"start":{"line":67,"column":0},"end":{"line":67,"column":19}},"67":{"start":{"line":68,"column":0},"end":{"line":68,"column":23}},"68":{"start":{"line":69,"column":0},"end":{"line":69,"column":15}},"69":{"start":{"line":70,"column":0},"end":{"line":70,"column":19}},"70":{"start":{"line":71,"column":0},"end":{"line":71,"column":14}},"71":{"start":{"line":72,"column":0},"end":{"line":72,"column":0}},"72":{"start":{"line":73,"column":0},"end":{"line":73,"column":49}},"73":{"start":{"line":74,"column":0},"end":{"line":74,"column":66}},"74":{"start":{"line":75,"column":0},"end":{"line":75,"column":17}},"75":{"start":{"line":76,"column":0},"end":{"line":76,"column":28}},"76":{"start":{"line":77,"column":0},"end":{"line":77,"column":62}},"77":{"start":{"line":78,"column":0},"end":{"line":78,"column":126}},"78":{"start":{"line":79,"column":0},"end":{"line":79,"column":11}},"79":{"start":{"line":80,"column":0},"end":{"line":80,"column":51}},"80":{"start":{"line":81,"column":0},"end":{"line":81,"column":50}},"81":{"start":{"line":82,"column":0},"end":{"line":82,"column":40}},"82":{"start":{"line":83,"column":0},"end":{"line":83,"column":19}},"83":{"start":{"line":84,"column":0},"end":{"line":84,"column":23}},"84":{"start":{"line":85,"column":0},"end":{"line":85,"column":15}},"85":{"start":{"line":86,"column":0},"end":{"line":86,"column":19}},"86":{"start":{"line":87,"column":0},"end":{"line":87,"column":14}},"87":{"start":{"line":88,"column":0},"end":{"line":88,"column":0}},"88":{"start":{"line":89,"column":0},"end":{"line":89,"column":77}},"89":{"start":{"line":90,"column":0},"end":{"line":90,"column":12}},"90":{"start":{"line":91,"column":0},"end":{"line":91,"column":10}},"91":{"start":{"line":92,"column":0},"end":{"line":92,"column":3}},"92":{"start":{"line":93,"column":0},"end":{"line":93,"column":1}}},"s":{"0":1,"1":1,"2":1,"3":1,"4":1,"5":1,"6":1,"7":1,"8":1,"9":1,"10":1,"11":1,"12":1,"13":1,"14":1,"15":1,"16":1,"17":1,"18":1,"19":1,"20":1,"21":1,"22":1,"23":1,"24":6,"25":6,"26":6,"27":6,"28":6,"29":6,"30":6,"31":6,"32":6,"33":6,"34":6,"35":6,"36":6,"37":6,"38":6,"39":6,"40":6,"41":30,"42":30,"43":30,"44":30,"45":30,"46":6,"47":24,"48":30,"49":30,"50":30,"51":30,"52":6,"53":6,"54":6,"55":6,"56":6,"57":6,"58":6,"59":6,"60":6,"61":6,"62":6,"63":6,"64":6,"65":0,"66":0,"67":0,"68":6,"69":6,"70":6,"71":6,"72":6,"73":6,"74":6,"75":6,"76":6,"77":6,"78":6,"79":6,"80":6,"81":24,"82":24,"83":24,"84":6,"85":6,"86":6,"87":6,"88":6,"89":6,"90":6,"91":6,"92":6},"branchMap":{"0":{"type":"branch","line":24,"loc":{"start":{"line":24,"column":7},"end":{"line":93,"column":1}},"locations":[{"start":{"line":24,"column":7},"end":{"line":93,"column":1}}]},"1":{"type":"branch","line":41,"loc":{"start":{"line":41,"column":29},"end":{"line":52,"column":23}},"locations":[{"start":{"line":41,"column":29},"end":{"line":52,"column":23}}]},"2":{"type":"branch","line":46,"loc":{"start":{"line":46,"column":40},"end":{"line":47,"column":46}},"locations":[{"start":{"line":46,"column":40},"end":{"line":47,"column":46}}]},"3":{"type":"branch","line":47,"loc":{"start":{"line":47,"column":22},"end":{"line":48,"column":67}},"locations":[{"start":{"line":47,"column":22},"end":{"line":48,"column":67}}]},"4":{"type":"branch","line":44,"loc":{"start":{"line":44,"column":25},"end":{"line":44,"column":64}},"locations":[{"start":{"line":44,"column":25},"end":{"line":44,"column":64}}]},"5":{"type":"branch","line":77,"loc":{"start":{"line":77,"column":22},"end":{"line":77,"column":62}},"locations":[{"start":{"line":77,"column":22},"end":{"line":77,"column":62}}]},"6":{"type":"branch","line":81,"loc":{"start":{"line":81,"column":30},"end":{"line":81,"column":36}},"locations":[{"start":{"line":81,"column":30},"end":{"line":81,"column":36}}]},"7":{"type":"branch","line":81,"loc":{"start":{"line":81,"column":42},"end":{"line":84,"column":23}},"locations":[{"start":{"line":81,"column":42},"end":{"line":84,"column":23}}]}},"b":{"0":[6],"1":[30],"2":[6],"3":[24],"4":[1],"5":[1],"6":[30],"7":[24]},"fnMap":{"0":{"name":"FilterBar","decl":{"start":{"line":24,"column":7},"end":{"line":93,"column":1}},"loc":{"start":{"line":24,"column":7},"end":{"line":93,"column":1}},"line":24},"1":{"name":"onClick","decl":{"start":{"line":44,"column":25},"end":{"line":44,"column":64}},"loc":{"start":{"line":44,"column":25},"end":{"line":44,"column":64}},"line":44},"2":{"name":"onChange","decl":{"start":{"line":61,"column":22},"end":{"line":61,"column":64}},"loc":{"start":{"line":61,"column":22},"end":{"line":61,"column":64}},"line":61},"3":{"name":"onChange","decl":{"start":{"line":77,"column":22},"end":{"line":77,"column":62}},"loc":{"start":{"line":77,"column":22},"end":{"line":77,"column":62}},"line":77}},"f":{"0":6,"1":1,"2":0,"3":1}}
,"/Users/alou/Codes/github.com/warriorguo/ozx_apm/admin/src/components/Layout.tsx": {"path":"/Users/alou/Codes/github.com/warriorguo/ozx_apm/admin/src/components/Layout.tsx","all":false,"statementMap":{"0":{"start":{"line":1,"column":0},"end":{"line":1,"column":50}},"1":{"start":{"line":2,"column":0},"end":{"line":2,"column":0}},"2":{"start":{"line":3,"column":0},"end":{"line":3,"column":18}},"3":{"start":{"line":4,"column":0},"end":{"line":4,"column":36}},"4":{"start":{"line":5,"column":0},"end":{"line":5,"column":49}},"5":{"start":{"line":6,"column":0},"end":{"line":6,"column":41}},"6":{"start":{"line":7,"column":0},"end":{"line":7,"column":47}},"7":{"start":{"line":8,"column":0},"end":{"line":8,"column":1}},"8":{"start":{"line":9,"column":0},"end":{"line":9,"column":0}},"9":{"start":{"line":10,"column":0},"end":{"line":10,"column":26}},"10":{"start":{"line":11,"column":0},"end":{"line":11,"column":10}},"11":{"start":{"line":12,"column":0},"end":{"line":12,"column":48}},"12":{"start":{"line":13,"column":0},"end":{"line":13,"column":60}},"13":{"start":{"line":14,"column":0},"end":{"line":14,"column":59}},"14":{"start":{"line":15,"column":0},"end":{"line":15,"column":56}},"15":{"start":{"line":16,"column":0},"end":{"line":16,"column":38}},"16":{"start":{"line":17,"column":0},"end":{"line":17,"column":37}},"17":{"start":{"line":18,"column":0},"end":{"line":18,"column":22}},"18":{"start":{"line":19,"column":0},"end":{"line":19,"column":31}},"19":{"start":{"line":20,"column":0},"end":{"line":20,"column":30}},"20":{"start":{"line":21,"column":0},"end":{"line":21,"column":44}},"21":{"start":{"line":22,"column":0},"end":{"line":22,"column":102}},"22":{"start":{"line":23,"column":0},"end":{"line":23,"column":17}},"23":{"start":{"line":24,"column":0},"end":{"line":24,"column":15}},"24":{"start":{"line":25,"column":0},"end":{"line":25,"column":28}},"25":{"start":{"line":26,"column":0},"end":{"line":26,"column":24}},"26":{"start":{"line":27,"column":0},"end":{"line":27,"column":15}},"27":{"start":{"line":28,"column":0},"end":{"line":28,"column":16}},"28":{"start":{"line":29,"column":0},"end":{"line":29,"column":14}},"29":{"start":{"line":30,"column":0},"end":{"line":30,"column":15}},"30":{"start":{"line":31,"column":0},"end":{"line":31,"column":35}},"31":{"start":{"line":32,"column":0},"end":{"line":32,"column":18}},"32":{"start":{"line":33,"column":0},"end":{"line":33,"column":13}},"33":{"start":{"line":34,"column":0},"end":{"line":34,"column":10}},"34":{"start":{"line":35,"column":0},"end":{"line":35,"column":3}},"35":{"start":{"line":36,"column":0},"end":{"line":36,"column":1}}},"s":{"0":1,"1":1,"2":1,"3":1,"4":1,"5":1,"6":1,"7":1,"8":1,"9":1,"10":3,"11":3,"12":3,"13":3,"14":3,"15":3,"16":3,"17":12,"18":12,"19":12,"20":12,"21":12,"22":12,"23":12,"24":12,"25":12,"26":3,"27":3,"28":3,"29":3,"30":3,"31":3,"32":3,"33":3,"34":3,"35":3},"branchMap":{"0":{"type":"branch","line":10,"loc":{"start":{"line":10,"column":7},"end":{"line":36,"column":1}},"locations":[{"start":{"line":10,"column":7},"end":{"line":36,"column":1}}]},"1":{"type":"branch","line":17,"loc":{"start":{"line":17,"column":26},"end":{"line":26,"column":24}},"locations":[{"start":{"line":17,"column":26},"end":{"line":26,"column":24}}]},"2":{"type":"branch","line":21,"loc":{"start":{"line":21,"column":27},"end":{"line":22,"column":102}},"locations":[{"start":{"line":21,"column":27},"end":{"line":22,"column":102}}]},"3":{"type":"branch","line":22,"loc":{"start":{"line":22,"column":29},"end":{"line":22,"column":67}},"locations":[{"start":{"line":22,"column":29},"end":{"line":22,"column":67}}]},"4":{"type":"branch","line":22,"loc":{"start":{"line":22,"column":40},"end":{"line":22,"column":100}},"locations":[{"start":{"line":22,"column":40},"end":{"line":22,"column":100}}]}},"b":{"0":[3],"1":[12],"2":[12],"3":[3],"4":[9]},"fnMap":{"0":{"name":"Layout","decl":{"start":{"line":10,"column":7},"end":{"line":36,"column":1}},"loc":{"start":{"line":10,"column":7},"end":{"line":36,"column":1}},"line":10},"1":{"name":"className","decl":{"start":{"line":21,"column":27},"end":{"line":22,"column":102}},"loc":{"start":{"line":21,"column":27},"end":{"line":22,"column":102}},"line":21}},"f":{"0":3,"1":12}}
,"/Users/alou/Codes/github.com/warriorguo/ozx_apm/admin/src/components/Pagination.tsx": {"path":"/Users/alou/Codes/github.com/warriorguo/ozx_apm/admin/src/components/Pagination.tsx","all":false,"statementMap":{"0":{"start":{"line":1,"column":0},"end":{"line":1,"column":27}},"1":{"start":{"line":2,"column":0},"end":{"line":2,"column":14}},"2":{"start":{"line":3,"column":0},"end":{"line":3,"column":18}},"3":{"start":{"line":4,"column":0},"end":{"line":4,"column":20}},"4":{"start":{"line":5,"column":0},"end":{"line":5,"column":38}},"5":{"start":{"line":6,"column":0},"end":{"line":6,"column":1}},"6":{"start":{"line":7,"column":0},"end":{"line":7,"column":0}},"7":{"start":{"line":8,"column":0},"end":{"line":8,"column":91}},"8":{"start":{"line":9,"column":0},"end":{"line":9,"column":53}},"9":{"start":{"line":10,"column":0},"end":{"line":10,"column":0}},"10":{"start":{"line":11,"column":0},"end":{"line":11,"column":34}},"11":{"start":{"line":12,"column":0},"end":{"line":12,"column":0}},"12":{"start":{"line":13,"column":0},"end":{"line":13,"column":43}},"13":{"start":{"line":14,"column":0},"end":{"line":14,"column":41}},"14":{"start":{"line":15,"column":0},"end":{"line":15,"column":74}},"15":{"start":{"line":16,"column":0},"end":{"line":16,"column":19}},"16":{"start":{"line":17,"column":0},"end":{"line":17,"column":56}},"17":{"start":{"line":18,"column":0},"end":{"line":18,"column":28}},"18":{"start":{"line":19,"column":0},"end":{"line":19,"column":5}},"19":{"start":{"line":20,"column":0},"end":{"line":20,"column":3}},"20":{"start":{"line":21,"column":0},"end":{"line":21,"column":0}},"21":{"start":{"line":22,"column":0},"end":{"line":22,"column":10}},"22":{"start":{"line":23,"column":0},"end":{"line":23,"column":99}},"23":{"start":{"line":24,"column":0},"end":{"line":24,"column":45}},"24":{"start":{"line":25,"column":0},"end":{"line":25,"column":94}},"25":{"start":{"line":26,"column":0},"end":{"line":26,"column":28}},"26":{"start":{"line":27,"column":0},"end":{"line":27,"column":12}},"27":{"start":{"line":28,"column":0},"end":{"line":28,"column":34}},"28":{"start":{"line":29,"column":0},"end":{"line":29,"column":15}},"29":{"start":{"line":30,"column":0},"end":{"line":30,"column":48}},"30":{"start":{"line":31,"column":0},"end":{"line":31,"column":30}},"31":{"start":{"line":32,"column":0},"end":{"line":32,"column":135}},"32":{"start":{"line":33,"column":0},"end":{"line":33,"column":9}},"33":{"start":{"line":34,"column":0},"end":{"line":34,"column":18}},"34":{"start":{"line":35,"column":0},"end":{"line":35,"column":17}},"35":{"start":{"line":36,"column":0},"end":{"line":36,"column":28}},"36":{"start":{"line":37,"column":0},"end":{"line":37,"column":30}},"37":{"start":{"line":38,"column":0},"end":{"line":38,"column":70}},"38":{"start":{"line":39,"column":0},"end":{"line":39,"column":17}},"39":{"start":{"line":40,"column":0},"end":{"line":40,"column":19}},"40":{"start":{"line":41,"column":0},"end":{"line":41,"column":15}},"41":{"start":{"line":42,"column":0},"end":{"line":42,"column":19}},"42":{"start":{"line":43,"column":0},"end":{"line":43,"column":21}},"43":{"start":{"line":44,"column":0},"end":{"line":44,"column":45}},"44":{"start":{"line":45,"column":0},"end":{"line":45,"column":54}},"45":{"start":{"line":46,"column":0},"end":{"line":46,"column":26}},"46":{"start":{"line":47,"column":0},"end":{"line":47,"column":44}},"47":{"start":{"line":48,"column":0},"end":{"line":48,"column":61}},"48":{"start":{"line":49,"column":0},"end":{"line":49,"column":17}},"49":{"start":{"line":50,"column":0},"end":{"line":50,"column":13}},"50":{"start":{"line":51,"column":0},"end":{"line":51,"column":17}},"51":{"start":{"line":52,"column":0},"end":{"line":52,"column":21}},"52":{"start":{"line":53,"column":0},"end":{"line":53,"column":11}},"53":{"start":{"line":54,"column":0},"end":{"line":54,"column":10}},"54":{"start":{"line":55,"column":0},"end":{"line":55,"column":15}},"55":{"start":{"line":56,"column":0},"end":{"line":56,"column":48}},"56":{"start":{"line":57,"column":0},"end":{"line":57,"column":39}},"57":{"start":{"line":58,"column":0},"end":{"line":58,"column":135}},"58":{"start":{"line":59,"column":0},"end":{"line":59,"column":9}},"59":{"start":{"line":60,"column":0},"end":{"line":60,"column":14}},"60":{"start":{"line":61,"column":0},"end":{"line":61,"column":17}},"61":{"start":{"line":62,"column":0},"end":{"line":62,"column":12}},"62":{"start":{"line":63,"column":0},"end":{"line":63,"column":10}},"63":{"start":{"line":64,"column":0},"end":{"line":64,"column":3}},"64":{"start":{"line":65,"column":0},"end":{"line":65,"column":1}}},"s":{"0":1,"1":1,"2":1,"3":1,"4":1,"5":1,"6":1,"7":1,"8":11,"9":11,"10":11,"11":10,"12":10,"13":11,"14":50,"15":33,"16":50,"17":10,"18":10,"19":50,"20":10,"21":10,"22":10,"23":10,"24":10,"25":10,"26":10,"27":10,"28":10,"29":10,"30":10,"31":10,"32":10,"33":10,"34":10,"35":10,"36":43,"37":10,"38":10,"39":10,"40":33,"41":33,"42":33,"43":33,"44":33,"45":33,"46":10,"47":23,"48":33,"49":33,"50":33,"51":33,"52":10,"53":10,"54":10,"55":10,"56":10,"57":10,"58":10,"59":10,"60":10,"61":10,"62":10,"63":10,"64":10},"branchMap":{"0":{"type":"branch","line":8,"loc":{"start":{"line":8,"column":7},"end":{"line":65,"column":1}},"locations":[{"start":{"line":8,"column":7},"end":{"line":65,"column":1}}]},"1":{"type":"branch","line":11,"loc":{"start":{"line":11,"column":23},"end":{"line":11,"column":34}},"locations":[{"start":{"line":11,"column":23},"end":{"line":11,"column":34}}]},"2":{"type":"branch","line":11,"loc":{"start":{"line":11,"column":30},"end":{"line":14,"column":40}},"locations":[{"start":{"line":11,"column":30},"end":{"line":14,"column":40}}]},"3":{"type":"branch","line":14,"loc":{"start":{"line":14,"column":40},"end":{"line":20,"column":3}},"locations":[{"start":{"line":14,"column":40},"end":{"line":20,"column":3}}]},"4":{"type":"branch","line":15,"loc":{"start":{"line":15,"column":14},"end":{"line":15,"column":40}},"locations":[{"start":{"line":15,"column":14},"end":{"line":15,"column":40}}]},"5":{"type":"branch","line":15,"loc":{"start":{"line":15,"column":25},"end":{"line":15,"column":73}},"locations":[{"start":{"line":15,"column":25},"end":{"line":15,"column":73}}]},"6":{"type":"branch","line":15,"loc":{"start":{"line":15,"column":52},"end":{"line":15,"column":73}},"locations":[{"start":{"line":15,"column":52},"end":{"line":15,"column":73}}]},"7":{"type":"branch","line":15,"loc":{"start":{"line":15,"column":73},"end":{"line":17,"column":15}},"locations":[{"start":{"line":15,"column":73},"end":{"line":17,"column":15}}]},"8":{"type":"branch","line":17,"loc":{"start":{"line":17,"column":4},"end":{"line":19,"column":5}},"locations":[{"start":{"line":17,"column":4},"end":{"line":19,"column":5}}]},"9":{"type":"branch","line":17,"loc":{"start":{"line":17,"column":55},"end":{"line":19,"column":5}},"locations":[{"start":{"line":17,"column":55},"end":{"line":19,"column":5}}]},"10":{"type":"branch","line":20,"loc":{"start":{"line":20,"column":2},"end":{"line":65,"column":1}},"locations":[{"start":{"line":20,"column":2},"end":{"line":65,"column":1}}]},"11":{"type":"branch","line":30,"loc":{"start":{"line":30,"column":19},"end":{"line":30,"column":48}},"locations":[{"start":{"line":30,"column":19},"end":{"line":30,"column":48}}]},"12":{"type":"branch","line":36,"loc":{"start":{"line":36,"column":19},"end":{"line":52,"column":21}},"locations":[{"start":{"line":36,"column":19},"end":{"line":52,"column":21}}]},"13":{"type":"branch","line":37,"loc":{"start":{"line":37,"column":16},"end":{"line":40,"column":19}},"locations":[{"start":{"line":37,"column":16},"end":{"line":40,"column":19}}]},"14":{"type":"branch","line":40,"loc":{"start":{"line":40,"column":12},"end":{"line":52,"column":21}},"locations":[{"start":{"line":40,"column":12},"end":{"line":52,"column":21}}]},"15":{"type":"branch","line":46,"loc":{"start":{"line":46,"column":22},"end":{"line":47,"column":44}},"locations":[{"start":{"line":46,"column":22},"end":{"line":47,"column":44}}]},"16":{"type":"branch","line":47,"loc":{"start":{"line":47,"column":20},"end":{"line":48,"column":61}},"locations":[{"start":{"line":47,"column":20},"end":{"line":48,"column":61}}]},"17":{"type":"branch","line":44,"loc":{"start":{"line":44,"column":23},"end":{"line":44,"column":45}},"locations":[{"start":{"line":44,"column":23},"end":{"line":44,"column":45}}]},"18":{"type":"branch","line":56,"loc":{"start":{"line":56,"column":19},"end":{"line":56,"column":48}},"locations":[{"start":{"line":56,"column":19},"end":{"line":56,"column":48}}]}},"b":{"0":[11],"1":[1],"2":[10],"3":[50],"4":[40],"5":[30],"6":[26],"7":[33],"8":[17],"9":[10],"10":[10],"11":[1],"12":[43],"13":[10],"14":[33],"15":[10],"16":[23],"17":[1],"18":[1]},"fnMap":{"0":{"name":"Pagination","decl":{"start":{"line":8,"column":7},"end":{"line":65,"column":1}},"loc":{"start":{"line":8,"column":7},"end":{"line":65,"column":1}},"line":8},"1":{"name":"onClick","decl":{"start":{"line":30,"column":19},"end":{"line":30,"column":48}},"loc":{"start":{"line":30,"column":19},"end":{"line":30,"column":48}},"line":30},"2":{"name":"onClick","decl":{"start":{"line":44,"column":23},"end":{"line":44,"column":45}},"loc":{"start":{"line":44,"column":23},"end":{"line":44,"column":45}},"line":44},"3":{"name":"onClick","decl":{"start":{"line":56,"column":19},"end":{"line":56,"column":48}},"loc":{"start":{"line":56,"column":19},"end":{"line":56,"column":48}},"line":56}},"f":{"0":11,"1":1,"2":1,"3":1}}
,"/Users/alou/Codes/github.com/warriorguo/ozx_apm/admin/src/components/StatCard.tsx": {"path":"/Users/alou/Codes/github.com/warriorguo/ozx_apm/admin/src/components/StatCard.tsx","all":false,"statementMap":{"0":{"start":{"line":1,"column":0},"end":{"line":1,"column":25}},"1":{"start":{"line":2,"column":0},"end":{"line":2,"column":15}},"2":{"start":{"line":3,"column":0},"end":{"line":3,"column":24}},"3":{"start":{"line":4,"column":0},"end":{"line":4,"column":19}},"4":{"start":{"line":5,"column":0},"end":{"line":5,"column":35}},"5":{"start":{"line":6,"column":0},"end":{"line":6,"column":21}},"6":{"start":{"line":7,"column":0},"end":{"line":7,"column":54}},"7":{"start":{"line":8,"column":0},"end":{"line":8,"column":1}},"8":{"start":{"line":9,"column":0},"end":{"line":9,"column":0}},"9":{"start":{"line":10,"column":0},"end":{"line":10,"column":22}},"10":{"start":{"line":11,"column":0},"end":{"line":11,"column":25}},"11":{"start":{"line":12,"column":0},"end":{"line":12,"column":26}},"12":{"start":{"line":13,"column":0},"end":{"line":13,"column":27}},"13":{"start":{"line":14,"column":0},"end":{"line":14,"column":23}},"14":{"start":{"line":15,"column":0},"end":{"line":15,"column":1}},"15":{"start":{"line":16,"column":0},"end":{"line":16,"column":0}},"16":{"start":{"line":17,"column":0},"end":{"line":17,"column":26}},"17":{"start":{"line":18,"column":0},"end":{"line":18,"column":8}},"18":{"start":{"line":19,"column":0},"end":{"line":19,"column":8}},"19":{"start":{"line":20,"column":0},"end":{"line":20,"column":11}},"20":{"start":{"line":21,"column":0},"end":{"line":21,"column":8}},"21":{"start":{"line":22,"column":0},"end":{"line":22,"column":13}},"22":{"start":{"line":23,"column":0},"end":{"line":23,"column":20}},"23":{"start":{"line":24,"column":0},"end":{"line":24,"column":19}},"24":{"start":{"line":25,"column":0},"end":{"line":25,"column":10}},"25":{"start":{"line":26,"column":0},"end":{"line":26,"column":52}},"26":{"start":{"line":27,"column":0},"end":{"line":27,"column":56}},"27":{"start":{"line":28,"column":0},"end":{"line":28,"column":13}},"28":{"start":{"line":29,"column":0},"end":{"line":29,"column":63}},"29":{"start":{"line":30,"column":0},"end":{"line":30,"column":69}},"30":{"start":{"line":31,"column":0},"end":{"line":31,"column":80}},"31":{"start":{"line":32,"column":0},"end":{"line":32,"column":14}},"32":{"start":{"line":33,"column":0},"end":{"line":33,"column":73}},"33":{"start":{"line":34,"column":0},"end":{"line":34,"column":12}},"34":{"start":{"line":35,"column":0},"end":{"line":35,"column":31}},"35":{"start":{"line":36,"column":0},"end":{"line":36,"column":54}},"36":{"start":{"line":37,"column":0},"end":{"line":37,"column":15}},"37":{"start":{"line":38,"column":0},"end":{"line":38,"column":34}},"38":{"start":{"line":39,"column":0},"end":{"line":39,"column":101}},"39":{"start":{"line":40,"column":0},"end":{"line":40,"column":15}},"40":{"start":{"line":41,"column":0},"end":{"line":41,"column":11}},"41":{"start":{"line":42,"column":0},"end":{"line":42,"column":64}},"42":{"start":{"line":43,"column":0},"end":{"line":43,"column":24}},"43":{"start":{"line":44,"column":0},"end":{"line":44,"column":17}},"44":{"start":{"line":45,"column":0},"end":{"line":45,"column":68}},"45":{"start":{"line":46,"column":0},"end":{"line":46,"column":14}},"46":{"start":{"line":47,"column":0},"end":{"line":47,"column":8}},"47":{"start":{"line":48,"column":0},"end":{"line":48,"column":10}},"48":{"start":{"line":49,"column":0},"end":{"line":49,"column":3}},"49":{"start":{"line":50,"column":0},"end":{"line":50,"column":1}}},"s":{"0":1,"1":1,"2":1,"3":1,"4":1,"5":1,"6":1,"7":1,"8":1,"9":1,"10":1,"11":1,"12":1,"13":1,"14":1,"15":1,"16":1,"17":8,"18":8,"19":8,"20":8,"21":8,"22":8,"23":8,"24":8,"25":8,"26":8,"27":8,"28":8,"29":8,"30":8,"31":8,"32":8,"33":8,"34":8,"35":2,"36":2,"37":2,"38":2,"39":2,"40":2,"41":2,"42":2,"43":2,"44":2,"45":2,"46":8,"47":8,"48":8,"49":8},"branchMap":{"0":{"type":"branch","line":17,"loc":{"start":{"line":17,"column":7},"end":{"line":50,"column":1}},"locations":[{"start":{"line":17,"column":7},"end":{"line":50,"column":1}}]},"1":{"type":"branch","line":31,"loc":{"start":{"line":31,"column":11},"end":{"line":31,"column":80}},"locations":[{"start":{"line":31,"column":11},"end":{"line":31,"column":80}}]},"2":{"type":"branch","line":35,"loc":{"start":{"line":35,"column":7},"end":{"line":35,"column":31}},"locations":[{"start":{"line":35,"column":7},"end":{"line":35,"column":31}}]},"3":{"type":"branch","line":35,"loc":{"start":{"line":35,"column":16},"end":{"line":46,"column":14}},"locations":[{"start":{"line":35,"column":16},"end":{"line":46,"column":14}}]},"4":{"type":"branch","line":39,"loc":{"start":{"line":39,"column":24},"end":{"line":39,"column":48}},"locations":[{"start":{"line":39,"column":24},"end":{"line":39,"column":48}}]},"5":{"type":"branch","line":39,"loc":{"start":{"line":39,"column":31},"end":{"line":39,"column":101}},"locations":[{"start":{"line":39,"column":31},"end":{"line":39,"column":101}}]},"6":{"type":"branch","line":39,"loc":{"start":{"line":39,"column":67},"end":{"line":39,"column":101}},"locations":[{"start":{"line":39,"column":67},"end":{"line":39,"column":101}}]},"7":{"type":"branch","line":42,"loc":{"start":{"line":42,"column":23},"end":{"line":42,"column":36}},"locations":[{"start":{"line":42,"column":23},"end":{"line":42,"column":36}}]},"8":{"type":"branch","line":42,"loc":{"start":{"line":42,"column":30},"end":{"line":42,"column":64}},"locations":[{"start":{"line":42,"column":30},"end":{"line":42,"column":64}}]},"9":{"type":"branch","line":42,"loc":{"start":{"line":42,"column":55},"end":{"line":42,"column":64}},"locations":[{"start":{"line":42,"column":55},"end":{"line":42,"column":64}}]}},"b":{"0":[8],"1":[1],"2":[2],"3":[2],"4":[1],"5":[1],"6":[0],"7":[1],"8":[1],"9":[0]},"fnMap":{"0":{"name":"StatCard","decl":{"start":{"line":17,"column":7},"end":{"line":50,"column":1}},"loc":{"start":{"line":17,"column":7},"end":{"line":50,"column":1}},"line":17}},"f":{"0":8}}
,"/Users/alou/Codes/github.com/warriorguo/ozx_apm/admin/src/components/TimeSeriesChart.tsx": {"path":"/Users/alou/Codes/github.com/warriorguo/ozx_apm/admin/src/components/TimeSeriesChart.tsx","all":true,"statementMap":{"0":{"start":{"line":1,"column":0},"end":{"line":1,"column":8}},"1":{"start":{"line":2,"column":0},"end":{"line":2,"column":12}},"2":{"start":{"line":3,"column":0},"end":{"line":3,"column":7}},"3":{"start":{"line":4,"column":0},"end":{"line":4,"column":8}},"4":{"start":{"line":5,"column":0},"end":{"line":5,"column":8}},"5":{"start":{"line":6,"column":0},"end":{"line":6,"column":16}},"6":{"start":{"line":7,"column":0},"end":{"line":7,"column":10}},"7":{"start":{"line":8,"column":0},"end":{"line":8,"column":22}},"8":{"start":{"line":9,"column":0},"end":{"line":9,"column":17}},"9":{"start":{"line":10,"column":0},"end":{"line":10,"column":43}},"10":{"start":{"line":11,"column":0},"end":{"line":11,"column":51}},"11":{"start":{"line":12,"column":0},"end":{"line":12,"column":0}},"12":{"start":{"line":13,"column":0},"end":{"line":13,"column":32}},"13":{"start":{"line":14,"column":0},"end":{"line":14,"column":25}},"14":{"start":{"line":15,"column":0},"end":{"line":15,"column":15}},"15":{"start":{"line":16,"column":0},"end":{"line":16,"column":16}},"16":{"start":{"line":17,"column":0},"end":{"line":17,"column":21}},"17":{"start":{"line":18,"column":0},"end":{"line":18,"column":41}},"18":{"start":{"line":19,"column":0},"end":{"line":19,"column":1}},"19":{"start":{"line":20,"column":0},"end":{"line":20,"column":0}},"20":{"start":{"line":21,"column":0},"end":{"line":21,"column":33}},"21":{"start":{"line":22,"column":0},"end":{"line":22,"column":7}},"22":{"start":{"line":23,"column":0},"end":{"line":23,"column":8}},"23":{"start":{"line":24,"column":0},"end":{"line":24,"column":20}},"24":{"start":{"line":25,"column":0},"end":{"line":25,"column":13}},"25":{"start":{"line":26,"column":0},"end":{"line":26,"column":36}},"26":{"start":{"line":27,"column":0},"end":{"line":27,"column":26}},"27":{"start":{"line":28,"column":0},"end":{"line":28,"column":42}},"28":{"start":{"line":29,"column":0},"end":{"line":29,"column":31}},"29":{"start":{"line":30,"column":0},"end":{"line":30,"column":23}},"30":{"start":{"line":31,"column":0},"end":{"line":31,"column":53}},"31":{"start":{"line":32,"column":0},"end":{"line":32,"column":5}},"32":{"start":{"line":33,"column":0},"end":{"line":33,"column":0}},"33":{"start":{"line":34,"column":0},"end":{"line":34,"column":10}},"34":{"start":{"line":35,"column":0},"end":{"line":35,"column":52}},"35":{"start":{"line":36,"column":0},"end":{"line":36,"column":73}},"36":{"start":{"line":37,"column":0},"end":{"line":37,"column":28}},"37":{"start":{"line":38,"column":0},"end":{"line":38,"column":56}},"38":{"start":{"line":39,"column":0},"end":{"line":39,"column":90}},"39":{"start":{"line":40,"column":0},"end":{"line":40,"column":68}},"40":{"start":{"line":41,"column":0},"end":{"line":41,"column":18}},"41":{"start":{"line":42,"column":0},"end":{"line":42,"column":28}},"42":{"start":{"line":43,"column":0},"end":{"line":43,"column":37}},"43":{"start":{"line":44,"column":0},"end":{"line":44,"column":30}},"44":{"start":{"line":45,"column":0},"end":{"line":45,"column":46}},"45":{"start":{"line":46,"column":0},"end":{"line":46,"column":14}},"46":{"start":{"line":47,"column":0},"end":{"line":47,"column":18}},"47":{"start":{"line":48,"column":0},"end":{"line":48,"column":37}},"48":{"start":{"line":49,"column":0},"end":{"line":49,"column":30}},"49":{"start":{"line":50,"column":0},"end":{"line":50,"column":46}},"50":{"start":{"line":51,"column":0},"end":{"line":51,"column":21}},"51":{"start":{"line":52,"column":0},"end":{"line":52,"column":26}},"52":{"start":{"line":53,"column":0},"end":{"line":53,"column":91}},"53":{"start":{"line":54,"column":0},"end":{"line":54,"column":29}},"54":{"start":{"line":55,"column":0},"end":{"line":55,"column":15}},"55":{"start":{"line":56,"column":0},"end":{"line":56,"column":14}},"56":{"start":{"line":57,"column":0},"end":{"line":57,"column":20}},"57":{"start":{"line":58,"column":0},"end":{"line":58,"column":72}},"58":{"start":{"line":59,"column":0},"end":{"line":59,"column":58}},"59":{"start":{"line":60,"column":0},"end":{"line":60,"column":45}},"60":{"start":{"line":61,"column":0},"end":{"line":61,"column":14}},"61":{"start":{"line":62,"column":0},"end":{"line":62,"column":17}},"62":{"start":{"line":63,"column":0},"end":{"line":63,"column":29}},"63":{"start":{"line":64,"column":0},"end":{"line":64,"column":29}},"64":{"start":{"line":65,"column":0},"end":{"line":65,"column":28}},"65":{"start":{"line":66,"column":0},"end":{"line":66,"column":29}},"66":{"start":{"line":67,"column":0},"end":{"line":67,"column":25}},"67":{"start":{"line":68,"column":0},"end":{"line":68,"column":34}},"68":{"start":{"line":69,"column":0},"end":{"line":69,"column":14}},"69":{"start":{"line":70,"column":0},"end":{"line":70,"column":22}},"70":{"start":{"line":71,"column":0},"end":{"line":71,"column":30}},"71":{"start":{"line":72,"column":0},"end":{"line":72,"column":12}},"72":{"start":{"line":73,"column":0},"end":{"line":73,"column":10}},"73":{"start":{"line":74,"column":0},"end":{"line":74,"column":3}},"74":{"start":{"line":75,"column":0},"end":{"line":75,"column":1}}},"s":{"0":0,"1":0,"2":0,"3":0,"4":0,"5":0,"6":0,"7":0,"8":0,"9":0,"10":0,"11":0,"12":0,"13":0,"14":0,"15":0,"16":0,"17":0,"18":0,"19":0,"20":0,"21":0,"22":0,"23":0,"24":0,"25":0,"26":0,"27":0,"28":0,"29":0,"30":0,"31":0,"32":0,"33":0,"34":0,"35":0,"36":0,"37":0,"38":0,"39":0,"40":0,"41":0,"42":0,"43":0,"44":0,"45":0,"46":0,"47":0,"48":0,"49":0,"50":0,"51":0,"52":0,"53":0,"54":0,"55":0,"56":0,"57":0,"58":0,"59":0,"60":0,"61":0,"62":0,"63":0,"64":0,"65":0,"66":0,"67":0,"68":0,"69":0,"70":0,"71":0,"72":0,"73":0,"74":0},"branchMap":{"0":{"type":"branch","line":1,"loc":{"start":{"line":1,"column":0},"end":{"line":75,"column":-862}},"locations":[{"start":{"line":1,"column":0},"end":{"line":75,"column":-862}}]}},"b":{"0":[0]},"fnMap":{"0":{"name":"(empty-report)","decl":{"start":{"line":1,"column":0},"end":{"line":75,"column":-862}},"loc":{"start":{"line":1,"column":0},"end":{"line":75,"column":-862}},"line":1}},"f":{"0":0}}
,"/Users/alou/Codes/github.com/warriorguo/ozx_apm/admin/src/hooks/useApi.ts": {"path":"/Users/alou/Codes/github.com/warriorguo/ozx_apm/admin/src/hooks/useApi.ts","all":false,"statementMap":{"0":{"start":{"line":1,"column":0},"end":{"line":1,"column":48}},"1":{"start":{"line":2,"column":0},"end":{"line":2,"column":38}},"2":{"start":{"line":3,"column":0},"end":{"line":3,"column":66}},"3":{"start":{"line":4,"column":0},"end":{"line":4,"column":0}},"4":{"start":{"line":5,"column":0},"end":{"line":5,"column":50}},"5":{"start":{"line":6,"column":0},"end":{"line":6,"column":19}},"6":{"start":{"line":7,"column":0},"end":{"line":7,"column":34}},"7":{"start":{"line":8,"column":0},"end":{"line":8,"column":42}},"8":{"start":{"line":9,"column":0},"end":{"line":9,"column":4}},"9":{"start":{"line":10,"column":0},"end":{"line":10,"column":1}},"10":{"start":{"line":11,"column":0},"end":{"line":11,"column":0}},"11":{"start":{"line":12,"column":0},"end":{"line":12,"column":69}},"12":{"start":{"line":13,"column":0},"end":{"line":13,"column":19}},"13":{"start":{"line":14,"column":0},"end":{"line":14,"column":45}},"14":{"start":{"line":15,"column":0},"end":{"line":15,"column":53}},"15":{"start":{"line":16,"column":0},"end":{"line":16,"column":22}},"16":{"start":{"line":17,"column":0},"end":{"line":17,"column":4}},"17":{"start":{"line":18,"column":0},"end":{"line":18,"column":1}},"18":{"start":{"line":19,"column":0},"end":{"line":19,"column":0}},"19":{"start":{"line":20,"column":0},"end":{"line":20,"column":92}},"20":{"start":{"line":21,"column":0},"end":{"line":21,"column":19}},"21":{"start":{"line":22,"column":0},"end":{"line":22,"column":47}},"22":{"start":{"line":23,"column":0},"end":{"line":23,"column":55}},"23":{"start":{"line":24,"column":0},"end":{"line":24,"column":22}},"24":{"start":{"line":25,"column":0},"end":{"line":25,"column":4}},"25":{"start":{"line":26,"column":0},"end":{"line":26,"column":1}},"26":{"start":{"line":27,"column":0},"end":{"line":27,"column":0}},"27":{"start":{"line":28,"column":0},"end":{"line":28,"column":34}},"28":{"start":{"line":29,"column":0},"end":{"line":29,"column":19}},"29":{"start":{"line":30,"column":0},"end":{"line":30,"column":27}},"30":{"start":{"line":31,"column":0},"end":{"line":31,"column":32}},"31":{"start":{"line":32,"column":0},"end":{"line":32,"column":29}},"32":{"start":{"line":33,"column":0},"end":{"line":33,"column":4}},"33":{"start":{"line":34,"column":0},"end":{"line":34,"column":1}},"34":{"start":{"line":35,"column":0},"end":{"line":35,"column":0}},"35":{"start":{"line":36,"column":0},"end":{"line":36,"column":48}},"36":{"start":{"line":37,"column":0},"end":{"line":37,"column":19}},"37":{"start":{"line":38,"column":0},"end":{"line":38,"column":37}},"38":{"start":{"line":39,"column":0},"end":{"line":39,"column":45}},"39":{"start":{"line":40,"column":0},"end":{"line":40,"column":29}},"40":{"start":{"line":41,"column":0},"end":{"line":41,"column":4}},"41":{"start":{"line":42,"column":0},"end":{"line":42,"column":1}},"42":{"start":{"line":43,"column":0},"end":{"line":43,"column":0}},"43":{"start":{"line":44,"column":0},"end":{"line":44,"column":69}},"44":{"start":{"line":45,"column":0},"end":{"line":45,"column":19}},"45":{"start":{"line":46,"column":0},"end":{"line":46,"column":34}},"46":{"start":{"line":47,"column":0},"end":{"line":47,"column":42}},"47":{"start":{"line":48,"column":0},"end":{"line":48,"column":4}},"48":{"start":{"line":49,"column":0},"end":{"line":49,"column":1}},"49":{"start":{"line":50,"column":0},"end":{"line":50,"column":0}},"50":{"start":{"line":51,"column":0},"end":{"line":51,"column":75}},"51":{"start":{"line":52,"column":0},"end":{"line":52,"column":19}},"52":{"start":{"line":53,"column":0},"end":{"line":53,"column":52}},"53":{"start":{"line":54,"column":0},"end":{"line":54,"column":59}},"54":{"start":{"line":55,"column":0},"end":{"line":55,"column":27}},"55":{"start":{"line":56,"column":0},"end":{"line":56,"column":4}},"56":{"start":{"line":57,"column":0},"end":{"line":57,"column":1}},"57":{"start":{"line":58,"column":0},"end":{"line":58,"column":0}},"58":{"start":{"line":59,"column":0},"end":{"line":59,"column":72}},"59":{"start":{"line":60,"column":0},"end":{"line":60,"column":19}},"60":{"start":{"line":61,"column":0},"end":{"line":61,"column":37}},"61":{"start":{"line":62,"column":0},"end":{"line":62,"column":45}},"62":{"start":{"line":63,"column":0},"end":{"line":63,"column":4}},"63":{"start":{"line":64,"column":0},"end":{"line":64,"column":1}}},"s":{"0":1,"1":1,"2":1,"3":1,"4":1,"5":0,"6":0,"7":0,"8":0,"9":0,"10":1,"11":1,"12":0,"13":0,"14":0,"15":0,"16":0,"17":0,"18":1,"19":1,"20":0,"21":0,"22":0,"23":0,"24":0,"25":0,"26":1,"27":1,"28":6,"29":6,"30":6,"31":6,"32":6,"33":6,"34":1,"35":1,"36":0,"37":0,"38":0,"39":0,"40":0,"41":0,"42":1,"43":1,"44":0,"45":0,"46":0,"47":0,"48":0,"49":1,"50":1,"51":0,"52":0,"53":0,"54":0,"55":0,"56":0,"57":1,"58":1,"59":0,"60":0,"61":0,"62":0,"63":0},"branchMap":{"0":{"type":"branch","line":28,"loc":{"start":{"line":28,"column":7},"end":{"line":34,"column":1}},"locations":[{"start":{"line":28,"column":7},"end":{"line":34,"column":1}}]}},"b":{"0":[6]},"fnMap":{"0":{"name":"useSummary","decl":{"start":{"line":5,"column":7},"end":{"line":10,"column":1}},"loc":{"start":{"line":5,"column":7},"end":{"line":10,"column":1}},"line":5},"1":{"name":"useTimeSeries","decl":{"start":{"line":12,"column":7},"end":{"line":18,"column":1}},"loc":{"start":{"line":12,"column":7},"end":{"line":18,"column":1}},"line":12},"2":{"name":"useDistribution","decl":{"start":{"line":20,"column":7},"end":{"line":26,"column":1}},"loc":{"start":{"line":20,"column":7},"end":{"line":26,"column":1}},"line":20},"3":{"name":"useAppVersions","decl":{"start":{"line":28,"column":7},"end":{"line":34,"column":1}},"loc":{"start":{"line":28,"column":7},"end":{"line":34,"column":1}},"line":28},"4":{"name":"useScenes","decl":{"start":{"line":36,"column":7},"end":{"line":42,"column":1}},"loc":{"start":{"line":36,"column":7},"end":{"line":42,"column":1}},"line":36},"5":{"name":"useCrashes","decl":{"start":{"line":44,"column":7},"end":{"line":49,"column":1}},"loc":{"start":{"line":44,"column":7},"end":{"line":49,"column":1}},"line":44},"6":{"name":"useCrashDetail","decl":{"start":{"line":51,"column":7},"end":{"line":57,"column":1}},"loc":{"start":{"line":51,"column":7},"end":{"line":57,"column":1}},"line":51},"7":{"name":"useExceptions","decl":{"start":{"line":59,"column":7},"end":{"line":64,"column":1}},"loc":{"start":{"line":59,"column":7},"end":{"line":64,"column":1}},"line":59}},"f":{"0":0,"1":0,"2":0,"3":6,"4":0,"5":0,"6":0,"7":0}}
,"/Users/alou/Codes/github.com/warriorguo/ozx_apm/admin/src/hooks/useFilters.ts": {"path":"/Users/alou/Codes/github.com/warriorguo/ozx_apm/admin/src/hooks/useFilters.ts","all":false,"statementMap":{"0":{"start":{"line":1,"column":0},"end":{"line":1,"column":41}},"1":{"start":{"line":2,"column":0},"end":{"line":2,"column":52}},"2":{"start":{"line":3,"column":0},"end":{"line":3,"column":0}},"3":{"start":{"line":4,"column":0},"end":{"line":4,"column":70}},"4":{"start":{"line":5,"column":0},"end":{"line":5,"column":0}},"5":{"start":{"line":6,"column":0},"end":{"line":6,"column":23}},"6":{"start":{"line":7,"column":0},"end":{"line":7,"column":24}},"7":{"start":{"line":8,"column":0},"end":{"line":8,"column":17}},"8":{"start":{"line":9,"column":0},"end":{"line":9,"column":15}},"9":{"start":{"line":10,"column":0},"end":{"line":10,"column":20}},"10":{"start":{"line":11,"column":0},"end":{"line":11,"column":18}},"11":{"start":{"line":12,"column":0},"end":{"line":12,"column":1}},"12":{"start":{"line":13,"column":0},"end":{"line":13,"column":0}},"13":{"start":{"line":14,"column":0},"end":{"line":14,"column":30}},"14":{"start":{"line":15,"column":0},"end":{"line":15,"column":61}},"15":{"start":{"line":16,"column":0},"end":{"line":16,"column":30}},"16":{"start":{"line":17,"column":0},"end":{"line":17,"column":43}},"17":{"start":{"line":18,"column":0},"end":{"line":18,"column":12}},"18":{"start":{"line":19,"column":0},"end":{"line":19,"column":24}},"19":{"start":{"line":20,"column":0},"end":{"line":20,"column":16}},"20":{"start":{"line":21,"column":0},"end":{"line":21,"column":14}},"21":{"start":{"line":22,"column":0},"end":{"line":22,"column":21}},"22":{"start":{"line":23,"column":0},"end":{"line":23,"column":19}},"23":{"start":{"line":24,"column":0},"end":{"line":24,"column":5}},"24":{"start":{"line":25,"column":0},"end":{"line":25,"column":4}},"25":{"start":{"line":26,"column":0},"end":{"line":26,"column":0}},"26":{"start":{"line":27,"column":0},"end":{"line":27,"column":49}},"27":{"start":{"line":28,"column":0},"end":{"line":28,"column":30}},"28":{"start":{"line":29,"column":0},"end":{"line":29,"column":23}},"29":{"start":{"line":30,"column":0},"end":{"line":30,"column":0}},"30":{"start":{"line":31,"column":0},"end":{"line":31,"column":21}},"31":{"start":{"line":32,"column":0},"end":{"line":32,"column":16}},"32":{"start":{"line":33,"column":0},"end":{"line":33,"column":40}},"33":{"start":{"line":34,"column":0},"end":{"line":34,"column":13}},"34":{"start":{"line":35,"column":0},"end":{"line":35,"column":16}},"35":{"start":{"line":36,"column":0},"end":{"line":36,"column":40}},"36":{"start":{"line":37,"column":0},"end":{"line":37,"column":13}},"37":{"start":{"line":38,"column":0},"end":{"line":38,"column":17}},"38":{"start":{"line":39,"column":0},"end":{"line":39,"column":41}},"39":{"start":{"line":40,"column":0},"end":{"line":40,"column":13}},"40":{"start":{"line":41,"column":0},"end":{"line":41,"column":16}},"41":{"start":{"line":42,"column":0},"end":{"line":42,"column":39}},"42":{"start":{"line":43,"column":0},"end":{"line":43,"column":13}},"43":{"start":{"line":44,"column":0},"end":{"line":44,"column":17}},"44":{"start":{"line":45,"column":0},"end":{"line":45,"column":40}},"45":{"start":{"line":46,"column":0},"end":{"line":46,"column":13}},"46":{"start":{"line":47,"column":0},"end":{"line":47,"column":14}},"47":{"start":{"line":48,"column":0},"end":{"line":48,"column":14}},"48":{"start":{"line":49,"column":0},"end":{"line":49,"column":5}},"49":{"start":{"line":50,"column":0},"end":{"line":50,"column":0}},"50":{"start":{"line":51,"column":0},"end":{"line":51,"column":27}},"51":{"start":{"line":52,"column":0},"end":{"line":52,"column":14}},"52":{"start":{"line":53,"column":0},"end":{"line":53,"column":25}},"53":{"start":{"line":54,"column":0},"end":{"line":54,"column":16}},"54":{"start":{"line":55,"column":0},"end":{"line":55,"column":14}},"55":{"start":{"line":56,"column":0},"end":{"line":56,"column":7}},"56":{"start":{"line":57,"column":0},"end":{"line":57,"column":3}},"57":{"start":{"line":58,"column":0},"end":{"line":58,"column":0}},"58":{"start":{"line":59,"column":0},"end":{"line":59,"column":61}},"59":{"start":{"line":60,"column":0},"end":{"line":60,"column":27}},"60":{"start":{"line":61,"column":0},"end":{"line":61,"column":14}},"61":{"start":{"line":62,"column":0},"end":{"line":62,"column":27}},"62":{"start":{"line":63,"column":0},"end":{"line":63,"column":16}},"63":{"start":{"line":64,"column":0},"end":{"line":64,"column":14}},"64":{"start":{"line":65,"column":0},"end":{"line":65,"column":7}},"65":{"start":{"line":66,"column":0},"end":{"line":66,"column":3}},"66":{"start":{"line":67,"column":0},"end":{"line":67,"column":0}},"67":{"start":{"line":68,"column":0},"end":{"line":68,"column":46}},"68":{"start":{"line":69,"column":0},"end":{"line":69,"column":60}},"69":{"start":{"line":70,"column":0},"end":{"line":70,"column":3}},"70":{"start":{"line":71,"column":0},"end":{"line":71,"column":0}},"71":{"start":{"line":72,"column":0},"end":{"line":72,"column":45}},"72":{"start":{"line":73,"column":0},"end":{"line":73,"column":49}},"73":{"start":{"line":74,"column":0},"end":{"line":74,"column":3}},"74":{"start":{"line":75,"column":0},"end":{"line":75,"column":0}},"75":{"start":{"line":76,"column":0},"end":{"line":76,"column":37}},"76":{"start":{"line":77,"column":0},"end":{"line":77,"column":44}},"77":{"start":{"line":78,"column":0},"end":{"line":78,"column":50}},"78":{"start":{"line":79,"column":0},"end":{"line":79,"column":46}},"79":{"start":{"line":80,"column":0},"end":{"line":80,"column":5}},"80":{"start":{"line":81,"column":0},"end":{"line":81,"column":29}},"81":{"start":{"line":82,"column":0},"end":{"line":82,"column":45}},"82":{"start":{"line":83,"column":0},"end":{"line":83,"column":5}},"83":{"start":{"line":84,"column":0},"end":{"line":84,"column":27}},"84":{"start":{"line":85,"column":0},"end":{"line":85,"column":40}},"85":{"start":{"line":86,"column":0},"end":{"line":86,"column":5}},"86":{"start":{"line":87,"column":0},"end":{"line":87,"column":17}},"87":{"start":{"line":88,"column":0},"end":{"line":88,"column":15}},"88":{"start":{"line":89,"column":0},"end":{"line":89,"column":0}},"89":{"start":{"line":90,"column":0},"end":{"line":90,"column":40}},"90":{"start":{"line":91,"column":0},"end":{"line":91,"column":102}},"91":{"start":{"line":92,"column":0},"end":{"line":92,"column":42}},"92":{"start":{"line":93,"column":0},"end":{"line":93,"column":0}},"93":{"start":{"line":94,"column":0},"end":{"line":94,"column":10}},"94":{"start":{"line":95,"column":0},"end":{"line":95,"column":12}},"95":{"start":{"line":96,"column":0},"end":{"line":96,"column":16}},"96":{"start":{"line":97,"column":0},"end":{"line":97,"column":19}},"97":{"start":{"line":98,"column":0},"end":{"line":98,"column":18}},"98":{"start":{"line":99,"column":0},"end":{"line":99,"column":18}},"99":{"start":{"line":100,"column":0},"end":{"line":100,"column":18}},"100":{"start":{"line":101,"column":0},"end":{"line":101,"column":16}},"101":{"start":{"line":102,"column":0},"end":{"line":102,"column":3}},"102":{"start":{"line":103,"column":0},"end":{"line":103,"column":1}}},"s":{"0":1,"1":1,"2":1,"3":1,"4":1,"5":1,"6":1,"7":1,"8":1,"9":1,"10":1,"11":1,"12":1,"13":1,"14":20,"15":10,"16":10,"17":10,"18":10,"19":10,"20":10,"21":10,"22":10,"23":10,"24":20,"25":20,"26":20,"27":6,"28":6,"29":6,"30":6,"31":6,"32":1,"33":1,"34":6,"35":1,"36":1,"37":6,"38":1,"39":1,"40":6,"41":2,"42":2,"43":6,"44":1,"45":1,"46":6,"47":0,"48":6,"49":6,"50":6,"51":6,"52":6,"53":6,"54":6,"55":6,"56":6,"57":20,"58":20,"59":1,"60":1,"61":1,"62":1,"63":1,"64":1,"65":1,"66":20,"67":20,"68":2,"69":2,"70":20,"71":20,"72":2,"73":2,"74":20,"75":20,"76":20,"77":20,"78":20,"79":20,"80":20,"81":2,"82":2,"83":20,"84":2,"85":2,"86":20,"87":20,"88":20,"89":20,"90":17,"91":20,"92":20,"93":20,"94":20,"95":20,"96":20,"97":20,"98":20,"99":20,"100":20,"101":20,"102":20},"branchMap":{"0":{"type":"branch","line":14,"loc":{"start":{"line":14,"column":7},"end":{"line":103,"column":1}},"locations":[{"start":{"line":14,"column":7},"end":{"line":103,"column":1}}]},"1":{"type":"branch","line":15,"loc":{"start":{"line":15,"column":54},"end":{"line":25,"column":3}},"locations":[{"start":{"line":15,"column":54},"end":{"line":25,"column":3}}]},"2":{"type":"branch","line":27,"loc":{"start":{"line":27,"column":24},"end":{"line":57,"column":3}},"locations":[{"start":{"line":27,"column":24},"end":{"line":57,"column":3}}]},"3":{"type":"branch","line":32,"loc":{"start":{"line":32,"column":6},"end":{"line":34,"column":13}},"locations":[{"start":{"line":32,"column":6},"end":{"line":34,"column":13}}]},"4":{"type":"branch","line":35,"loc":{"start":{"line":35,"column":6},"end":{"line":37,"column":13}},"locations":[{"start":{"line":35,"column":6},"end":{"line":37,"column":13}}]},"5":{"type":"branch","line":38,"loc":{"start":{"line":38,"column":6},"end":{"line":40,"column":13}},"locations":[{"start":{"line":38,"column":6},"end":{"line":40,"column":13}}]},"6":{"type":"branch","line":41,"loc":{"start":{"line":41,"column":6},"end":{"line":43,"column":13}},"locations":[{"start":{"line":41,"column":6},"end":{"line":43,"column":13}}]},"7":{"type":"branch","line":44,"loc":{"start":{"line":44,"column":6},"end":{"line":46,"column":13}},"locations":[{"start":{"line":44,"column":6},"end":{"line":46,"column":13}}]},"8":{"type":"branch","line":47,"loc":{"start":{"line":47,"column":6},"end":{"line":48,"column":14}},"locations":[{"start":{"line":47,"column":6},"end":{"line":48,"column":14}}]},"9":{"type":"branch","line":51,"loc":{"start":{"line":51,"column":15},"end":{"line":56,"column":6}},"locations":[{"start":{"line":51,"column":15},"end":{"line":56,"column":6}}]},"10":{"type":"branch","line":59,"loc":{"start":{"line":59,"column":24},"end":{"line":66,"column":3}},"locations":[{"start":{"line":59,"column":24},"end":{"line":66,"column":3}}]},"11":{"type":"branch","line":60,"loc":{"start":{"line":60,"column":15},"end":{"line":65,"column":6}},"locations":[{"start":{"line":60,"column":15},"end":{"line":65,"column":6}}]},"12":{"type":"branch","line":68,"loc":{"start":{"line":68,"column":24},"end":{"line":70,"column":3}},"locations":[{"start":{"line":68,"column":24},"end":{"line":70,"column":3}}]},"13":{"type":"branch","line":69,"loc":{"start":{"line":69,"column":15},"end":{"line":69,"column":59}},"locations":[{"start":{"line":69,"column":15},"end":{"line":69,"column":59}}]},"14":{"type":"branch","line":72,"loc":{"start":{"line":72,"column":22},"end":{"line":74,"column":3}},"locations":[{"start":{"line":72,"column":22},"end":{"line":74,"column":3}}]},"15":{"type":"branch","line":73,"loc":{"start":{"line":73,"column":15},"end":{"line":73,"column":48}},"locations":[{"start":{"line":73,"column":15},"end":{"line":73,"column":48}}]},"16":{"type":"branch","line":76,"loc":{"start":{"line":76,"column":30},"end":{"line":88,"column":5}},"locations":[{"start":{"line":76,"column":30},"end":{"line":88,"column":5}}]},"17":{"type":"branch","line":81,"loc":{"start":{"line":81,"column":28},"end":{"line":83,"column":5}},"locations":[{"start":{"line":81,"column":28},"end":{"line":83,"column":5}}]},"18":{"type":"branch","line":84,"loc":{"start":{"line":84,"column":26},"end":{"line":86,"column":5}},"locations":[{"start":{"line":84,"column":26},"end":{"line":86,"column":5}}]},"19":{"type":"branch","line":90,"loc":{"start":{"line":90,"column":33},"end":{"line":92,"column":5}},"locations":[{"start":{"line":90,"column":33},"end":{"line":92,"column":5}}]}},"b":{"0":[20],"1":[10],"2":[6],"3":[1],"4":[1],"5":[1],"6":[2],"7":[1],"8":[0],"9":[6],"10":[1],"11":[1],"12":[2],"13":[2],"14":[2],"15":[2],"16":[20],"17":[2],"18":[2],"19":[17]},"fnMap":{"0":{"name":"useFilters","decl":{"start":{"line":14,"column":7},"end":{"line":103,"column":1}},"loc":{"start":{"line":14,"column":7},"end":{"line":103,"column":1}},"line":14},"1":{"name":"setTimePreset","decl":{"start":{"line":27,"column":24},"end":{"line":57,"column":3}},"loc":{"start":{"line":27,"column":24},"end":{"line":57,"column":3}},"line":27},"2":{"name":"setCustomTime","decl":{"start":{"line":59,"column":24},"end":{"line":66,"column":3}},"loc":{"start":{"line":59,"column":24},"end":{"line":66,"column":3}},"line":59},"3":{"name":"setAppVersion","decl":{"start":{"line":68,"column":24},"end":{"line":70,"column":3}},"loc":{"start":{"line":68,"column":24},"end":{"line":70,"column":3}},"line":68},"4":{"name":"setPlatform","decl":{"start":{"line":72,"column":22},"end":{"line":74,"column":3}},"loc":{"start":{"line":72,"column":22},"end":{"line":74,"column":3}},"line":72}},"f":{"0":20,"1":6,"2":1,"3":2,"4":2}}
,"/Users/alou/Codes/github.com/warriorguo/ozx_apm/admin/src/pages/Crashes.tsx": {"path":"/Users/alou/Codes/github.com/warriorguo/ozx_apm/admin/src/pages/Crashes.tsx","all":true,"statementMap":{"0":{"start":{"line":1,"column":0},"end":{"line":1,"column":32}},"1":{"start":{"line":2,"column":0},"end":{"line":2,"column":51}},"2":{"start":{"line":3,"column":0},"end":{"line":3,"column":51}},"3":{"start":{"line":4,"column":0},"end":{"line":4,"column":53}},"4":{"start":{"line":5,"column":0},"end":{"line":5,"column":48}},"5":{"start":{"line":6,"column":0},"end":{"line":6,"column":60}},"6":{"start":{"line":7,"column":0},"end":{"line":7,"column":62}},"7":{"start":{"line":8,"column":0},"end":{"line":8,"column":46}},"8":{"start":{"line":9,"column":0},"end":{"line":9,"column":0}},"9":{"start":{"line":10,"column":0},"end":{"line":10,"column":27}},"10":{"start":{"line":11,"column":0},"end":{"line":11,"column":9}},"11":{"start":{"line":12,"column":0},"end":{"line":12,"column":12}},"12":{"start":{"line":13,"column":0},"end":{"line":13,"column":16}},"13":{"start":{"line":14,"column":0},"end":{"line":14,"column":19}},"14":{"start":{"line":15,"column":0},"end":{"line":15,"column":18}},"15":{"start":{"line":16,"column":0},"end":{"line":16,"column":18}},"16":{"start":{"line":17,"column":0},"end":{"line":17,"column":16}},"17":{"start":{"line":18,"column":0},"end":{"line":18,"column":18}},"18":{"start":{"line":19,"column":0},"end":{"line":19,"column":0}},"19":{"start":{"line":20,"column":0},"end":{"line":20,"column":37}},"20":{"start":{"line":21,"column":0},"end":{"line":21,"column":85}},"21":{"start":{"line":22,"column":0},"end":{"line":22,"column":0}},"22":{"start":{"line":23,"column":0},"end":{"line":23,"column":55}},"23":{"start":{"line":24,"column":0},"end":{"line":24,"column":19}},"24":{"start":{"line":25,"column":0},"end":{"line":25,"column":9}},"25":{"start":{"line":26,"column":0},"end":{"line":26,"column":18}},"26":{"start":{"line":27,"column":0},"end":{"line":27,"column":4}},"27":{"start":{"line":28,"column":0},"end":{"line":28,"column":0}},"28":{"start":{"line":29,"column":0},"end":{"line":29,"column":86}},"29":{"start":{"line":30,"column":0},"end":{"line":30,"column":0}},"30":{"start":{"line":31,"column":0},"end":{"line":31,"column":19}},"31":{"start":{"line":32,"column":0},"end":{"line":32,"column":5}},"32":{"start":{"line":33,"column":0},"end":{"line":33,"column":24}},"33":{"start":{"line":34,"column":0},"end":{"line":34,"column":21}},"34":{"start":{"line":35,"column":0},"end":{"line":35,"column":37}},"35":{"start":{"line":36,"column":0},"end":{"line":36,"column":88}},"36":{"start":{"line":37,"column":0},"end":{"line":37,"column":27}},"37":{"start":{"line":38,"column":0},"end":{"line":38,"column":15}},"38":{"start":{"line":39,"column":0},"end":{"line":39,"column":8}},"39":{"start":{"line":40,"column":0},"end":{"line":40,"column":6}},"40":{"start":{"line":41,"column":0},"end":{"line":41,"column":5}},"41":{"start":{"line":42,"column":0},"end":{"line":42,"column":28}},"42":{"start":{"line":43,"column":0},"end":{"line":43,"column":24}},"43":{"start":{"line":44,"column":0},"end":{"line":44,"column":37}},"44":{"start":{"line":45,"column":0},"end":{"line":45,"column":79}},"45":{"start":{"line":46,"column":0},"end":{"line":46,"column":31}},"46":{"start":{"line":47,"column":0},"end":{"line":47,"column":14}},"47":{"start":{"line":48,"column":0},"end":{"line":48,"column":8}},"48":{"start":{"line":49,"column":0},"end":{"line":49,"column":6}},"49":{"start":{"line":50,"column":0},"end":{"line":50,"column":5}},"50":{"start":{"line":51,"column":0},"end":{"line":51,"column":19}},"51":{"start":{"line":52,"column":0},"end":{"line":52,"column":22}},"52":{"start":{"line":53,"column":0},"end":{"line":53,"column":37}},"53":{"start":{"line":54,"column":0},"end":{"line":54,"column":71}},"54":{"start":{"line":55,"column":0},"end":{"line":55,"column":8}},"55":{"start":{"line":56,"column":0},"end":{"line":56,"column":6}},"56":{"start":{"line":57,"column":0},"end":{"line":57,"column":5}},"57":{"start":{"line":58,"column":0},"end":{"line":58,"column":27}},"58":{"start":{"line":59,"column":0},"end":{"line":59,"column":25}},"59":{"start":{"line":60,"column":0},"end":{"line":60,"column":69}},"60":{"start":{"line":61,"column":0},"end":{"line":61,"column":6}},"61":{"start":{"line":62,"column":0},"end":{"line":62,"column":5}},"62":{"start":{"line":63,"column":0},"end":{"line":63,"column":23}},"63":{"start":{"line":64,"column":0},"end":{"line":64,"column":26}},"64":{"start":{"line":65,"column":0},"end":{"line":65,"column":37}},"65":{"start":{"line":66,"column":0},"end":{"line":66,"column":87}},"66":{"start":{"line":67,"column":0},"end":{"line":67,"column":8}},"67":{"start":{"line":68,"column":0},"end":{"line":68,"column":6}},"68":{"start":{"line":69,"column":0},"end":{"line":69,"column":5}},"69":{"start":{"line":70,"column":0},"end":{"line":70,"column":31}},"70":{"start":{"line":71,"column":0},"end":{"line":71,"column":25}},"71":{"start":{"line":72,"column":0},"end":{"line":72,"column":37}},"72":{"start":{"line":73,"column":0},"end":{"line":73,"column":46}},"73":{"start":{"line":74,"column":0},"end":{"line":74,"column":59}},"74":{"start":{"line":75,"column":0},"end":{"line":75,"column":17}},"75":{"start":{"line":76,"column":0},"end":{"line":76,"column":21}},"76":{"start":{"line":77,"column":0},"end":{"line":77,"column":81}},"77":{"start":{"line":78,"column":0},"end":{"line":78,"column":13}},"78":{"start":{"line":79,"column":0},"end":{"line":79,"column":17}},"79":{"start":{"line":80,"column":0},"end":{"line":80,"column":19}},"80":{"start":{"line":81,"column":0},"end":{"line":81,"column":13}},"81":{"start":{"line":82,"column":0},"end":{"line":82,"column":50}},"82":{"start":{"line":83,"column":0},"end":{"line":83,"column":52}},"83":{"start":{"line":84,"column":0},"end":{"line":84,"column":50}},"84":{"start":{"line":85,"column":0},"end":{"line":85,"column":19}},"85":{"start":{"line":86,"column":0},"end":{"line":86,"column":12}},"86":{"start":{"line":87,"column":0},"end":{"line":87,"column":14}},"87":{"start":{"line":88,"column":0},"end":{"line":88,"column":8}},"88":{"start":{"line":89,"column":0},"end":{"line":89,"column":6}},"89":{"start":{"line":90,"column":0},"end":{"line":90,"column":3}},"90":{"start":{"line":91,"column":0},"end":{"line":91,"column":0}},"91":{"start":{"line":92,"column":0},"end":{"line":92,"column":10}},"92":{"start":{"line":93,"column":0},"end":{"line":93,"column":9}},"93":{"start":{"line":94,"column":0},"end":{"line":94,"column":72}},"94":{"start":{"line":95,"column":0},"end":{"line":95,"column":0}},"95":{"start":{"line":96,"column":0},"end":{"line":96,"column":16}},"96":{"start":{"line":97,"column":0},"end":{"line":97,"column":39}},"97":{"start":{"line":98,"column":0},"end":{"line":98,"column":39}},"98":{"start":{"line":99,"column":0},"end":{"line":99,"column":35}},"99":{"start":{"line":100,"column":0},"end":{"line":100,"column":39}},"100":{"start":{"line":101,"column":0},"end":{"line":101,"column":42}},"101":{"start":{"line":102,"column":0},"end":{"line":102,"column":42}},"102":{"start":{"line":103,"column":0},"end":{"line":103,"column":38}},"103":{"start":{"line":104,"column":0},"end":{"line":104,"column":8}},"104":{"start":{"line":105,"column":0},"end":{"line":105,"column":0}},"105":{"start":{"line":106,"column":0},"end":{"line":106,"column":61}},"106":{"start":{"line":107,"column":0},"end":{"line":107,"column":39}},"107":{"start":{"line":108,"column":0},"end":{"line":108,"column":20}},"108":{"start":{"line":109,"column":0},"end":{"line":109,"column":45}},"109":{"start":{"line":110,"column":0},"end":{"line":110,"column":29}},"110":{"start":{"line":111,"column":0},"end":{"line":111,"column":33}},"111":{"start":{"line":112,"column":0},"end":{"line":112,"column":43}},"112":{"start":{"line":113,"column":0},"end":{"line":113,"column":75}},"113":{"start":{"line":114,"column":0},"end":{"line":114,"column":12}},"114":{"start":{"line":115,"column":0},"end":{"line":115,"column":27}},"115":{"start":{"line":116,"column":0},"end":{"line":116,"column":23}},"116":{"start":{"line":117,"column":0},"end":{"line":117,"column":37}},"117":{"start":{"line":118,"column":0},"end":{"line":118,"column":46}},"118":{"start":{"line":119,"column":0},"end":{"line":119,"column":50}},"119":{"start":{"line":120,"column":0},"end":{"line":120,"column":36}},"120":{"star
[...]
"column":18}},"109":{"start":{"line":110,"column":0},"end":{"line":110,"column":0}},"110":{"start":{"line":111,"column":0},"end":{"line":111,"column":17}},"111":{"start":{"line":112,"column":0},"end":{"line":112,"column":85}},"112":{"start":{"line":113,"column":0},"end":{"line":113,"column":65}},"113":{"start":{"line":114,"column":0},"end":{"line":114,"column":32}},"114":{"start":{"line":115,"column":0},"end":{"line":115,"column":30}},"115":{"start":{"line":116,"column":0},"end":{"line":116,"column":42}},"116":{"start":{"line":117,"column":0},"end":{"line":117,"column":45}},"117":{"start":{"line":118,"column":0},"end":{"line":118,"column":31}},"118":{"start":{"line":119,"column":0},"end":{"line":119,"column":61}},"119":{"start":{"line":120,"column":0},"end":{"line":120,"column":16}},"120":{"start":{"line":121,"column":0},"end":{"line":121,"column":14}},"121":{"start":{"line":122,"column":0},"end":{"line":122,"column":60}},"122":{"start":{"line":123,"column":0},"end":{"line":123,"column":89}},"123":{"start":{"line":124,"column":0},"end":{"line":124,"column":62}},"124":{"start":{"line":125,"column":0},"end":{"line":125,"column":62}},"125":{"start":{"line":126,"column":0},"end":{"line":126,"column":72}},"126":{"start":{"line":127,"column":0},"end":{"line":127,"column":76}},"127":{"start":{"line":128,"column":0},"end":{"line":128,"column":19}},"128":{"start":{"line":129,"column":0},"end":{"line":129,"column":18}},"129":{"start":{"line":130,"column":0},"end":{"line":130,"column":16}},"130":{"start":{"line":131,"column":0},"end":{"line":131,"column":18}},"131":{"start":{"line":132,"column":0},"end":{"line":132,"column":12}},"132":{"start":{"line":133,"column":0},"end":{"line":133,"column":10}},"133":{"start":{"line":134,"column":0},"end":{"line":134,"column":3}},"134":{"start":{"line":135,"column":0},"end":{"line":135,"column":1}}},"s":{"0":0,"1":0,"2":0,"3":0,"4":0,"5":0,"6":0,"7":0,"8":0,"9":0,"10":0,"11":0,"12":0,"13":0,"14":0,"15":0,"16":0,"17":0,"18":0,"19":0,"20":0,"21":0,"22":0,"23":0,"24":0,"25":0,"26":0,"27":0,"28":0,"29":0,"30":0,"31":0,"32":0,"33":0,"34":0,"35":0,"36":0,"37":0,"38":0,"39":0,"40":0,"41":0,"42":0,"43":0,"44":0,"45":0,"46":0,"47":0,"48":0,"49":0,"50":0,"51":0,"52":0,"53":0,"54":0,"55":0,"56":0,"57":0,"58":0,"59":0,"60":0,"61":0,"62":0,"63":0,"64":0,"65":0,"66":0,"67":0,"68":0,"69":0,"70":0,"71":0,"72":0,"73":0,"74":0,"75":0,"76":0,"77":0,"78":0,"79":0,"80":0,"81":0,"82":0,"83":0,"84":0,"85":0,"86":0,"87":0,"88":0,"89":0,"90":0,"91":0,"92":0,"93":0,"94":0,"95":0,"96":0,"97":0,"98":0,"99":0,"100":0,"101":0,"102":0,"103":0,"104":0,"105":0,"106":0,"107":0,"108":0,"109":0,"110":0,"111":0,"112":0,"113":0,"114":0,"115":0,"116":0,"117":0,"118":0,"119":0,"120":0,"121":0,"122":0,"123":0,"124":0,"125":0,"126":0,"127":0,"128":0,"129":0,"130":0,"131":0,"132":0,"133":0,"134":0},"branchMap":{"0":{"type":"branch","line":1,"loc":{"start":{"line":1,"column":0},"end":{"line":135,"column":-2612}},"locations":[{"start":{"line":1,"column":0},"end":{"line":135,"column":-2612}}]}},"b":{"0":[0]},"fnMap":{"0":{"name":"(empty-report)","decl":{"start":{"line":1,"column":0},"end":{"line":135,"column":-2612}},"loc":{"start":{"line":1,"column":0},"end":{"line":135,"column":-2612}},"line":1}},"f":{"0":0}}
,"/Users/alou/Codes/github.com/warriorguo/ozx_apm/admin/src/services/api.ts": {"path":"/Users/alou/Codes/github.com/warriorguo/ozx_apm/admin/src/services/api.ts","all":false,"statementMap":{"0":{"start":{"line":1,"column":0},"end":{"line":1,"column":25}},"1":{"start":{"line":2,"column":0},"end":{"line":2,"column":13}},"2":{"start":{"line":3,"column":0},"end":{"line":3,"column":19}},"3":{"start":{"line":4,"column":0},"end":{"line":4,"column":21}},"4":{"start":{"line":5,"column":0},"end":{"line":5,"column":23}},"5":{"start":{"line":6,"column":0},"end":{"line":6,"column":20}},"6":{"start":{"line":7,"column":0},"end":{"line":7,"column":14}},"7":{"start":{"line":8,"column":0},"end":{"line":8,"column":24}},"8":{"start":{"line":9,"column":0},"end":{"line":9,"column":15}},"9":{"start":{"line":10,"column":0},"end":{"line":10,"column":19}},"10":{"start":{"line":11,"column":0},"end":{"line":11,"column":21}},"11":{"start":{"line":12,"column":0},"end":{"line":12,"column":0}},"12":{"start":{"line":13,"column":0},"end":{"line":13,"column":26}},"13":{"start":{"line":14,"column":0},"end":{"line":14,"column":18}},"14":{"start":{"line":15,"column":0},"end":{"line":15,"column":17}},"15":{"start":{"line":16,"column":0},"end":{"line":16,"column":2}},"16":{"start":{"line":17,"column":0},"end":{"line":17,"column":0}},"17":{"start":{"line":18,"column":0},"end":{"line":18,"column":17}},"18":{"start":{"line":19,"column":0},"end":{"line":19,"column":83}},"19":{"start":{"line":20,"column":0},"end":{"line":20,"column":74}},"20":{"start":{"line":21,"column":0},"end":{"line":21,"column":13}},"21":{"start":{"line":22,"column":0},"end":{"line":22,"column":1}},"22":{"start":{"line":23,"column":0},"end":{"line":23,"column":0}},"23":{"start":{"line":24,"column":0},"end":{"line":24,"column":36}},"24":{"start":{"line":25,"column":0},"end":{"line":25,"column":17}},"25":{"start":{"line":26,"column":0},"end":{"line":26,"column":22}},"26":{"start":{"line":27,"column":0},"end":{"line":27,"column":32}},"27":{"start":{"line":28,"column":0},"end":{"line":28,"column":69}},"28":{"start":{"line":29,"column":0},"end":{"line":29,"column":34}},"29":{"start":{"line":30,"column":0},"end":{"line":30,"column":4}},"30":{"start":{"line":31,"column":0},"end":{"line":31,"column":13}},"31":{"start":{"line":32,"column":0},"end":{"line":32,"column":1}},"32":{"start":{"line":33,"column":0},"end":{"line":33,"column":0}},"33":{"start":{"line":34,"column":0},"end":{"line":34,"column":38}},"34":{"start":{"line":35,"column":0},"end":{"line":35,"column":17}},"35":{"start":{"line":36,"column":0},"end":{"line":36,"column":43}},"36":{"start":{"line":37,"column":0},"end":{"line":37,"column":34}},"37":{"start":{"line":38,"column":0},"end":{"line":38,"column":73}},"38":{"start":{"line":39,"column":0},"end":{"line":39,"column":34}},"39":{"start":{"line":40,"column":0},"end":{"line":40,"column":4}},"40":{"start":{"line":41,"column":0},"end":{"line":41,"column":13}},"41":{"start":{"line":42,"column":0},"end":{"line":42,"column":1}},"42":{"start":{"line":43,"column":0},"end":{"line":43,"column":0}},"43":{"start":{"line":44,"column":0},"end":{"line":44,"column":59}},"44":{"start":{"line":45,"column":0},"end":{"line":45,"column":69}},"45":{"start":{"line":46,"column":0},"end":{"line":46,"column":22}},"46":{"start":{"line":47,"column":0},"end":{"line":47,"column":1}},"47":{"start":{"line":48,"column":0},"end":{"line":48,"column":0}},"48":{"start":{"line":49,"column":0},"end":{"line":49,"column":73}},"49":{"start":{"line":50,"column":0},"end":{"line":50,"column":67}},"50":{"start":{"line":51,"column":0},"end":{"line":51,"column":40}},"51":{"start":{"line":52,"column":0},"end":{"line":52,"column":4}},"52":{"start":{"line":53,"column":0},"end":{"line":53,"column":20}},"53":{"start":{"line":54,"column":0},"end":{"line":54,"column":1}},"54":{"start":{"line":55,"column":0},"end":{"line":55,"column":0}},"55":{"start":{"line":56,"column":0},"end":{"line":56,"column":13}},"56":{"start":{"line":57,"column":0},"end":{"line":57,"column":33}},"57":{"start":{"line":58,"column":0},"end":{"line":58,"column":41}},"58":{"start":{"line":59,"column":0},"end":{"line":59,"column":31}},"59":{"start":{"line":60,"column":0},"end":{"line":60,"column":75}},"60":{"start":{"line":61,"column":0},"end":{"line":61,"column":13}},"61":{"start":{"line":62,"column":0},"end":{"line":62,"column":1}},"62":{"start":{"line":63,"column":0},"end":{"line":63,"column":0}},"63":{"start":{"line":64,"column":0},"end":{"line":64,"column":37}},"64":{"start":{"line":65,"column":0},"end":{"line":65,"column":22}},"65":{"start":{"line":66,"column":0},"end":{"line":66,"column":22}},"66":{"start":{"line":67,"column":0},"end":{"line":67,"column":25}},"67":{"start":{"line":68,"column":0},"end":{"line":68,"column":66}},"68":{"start":{"line":69,"column":0},"end":{"line":69,"column":39}},"69":{"start":{"line":70,"column":0},"end":{"line":70,"column":4}},"70":{"start":{"line":71,"column":0},"end":{"line":71,"column":13}},"71":{"start":{"line":72,"column":0},"end":{"line":72,"column":1}},"72":{"start":{"line":73,"column":0},"end":{"line":73,"column":0}},"73":{"start":{"line":74,"column":0},"end":{"line":74,"column":17}},"74":{"start":{"line":75,"column":0},"end":{"line":75,"column":36}},"75":{"start":{"line":76,"column":0},"end":{"line":76,"column":41}},"76":{"start":{"line":77,"column":0},"end":{"line":77,"column":35}},"77":{"start":{"line":78,"column":0},"end":{"line":78,"column":82}},"78":{"start":{"line":79,"column":0},"end":{"line":79,"column":13}},"79":{"start":{"line":80,"column":0},"end":{"line":80,"column":1}}},"s":{"0":1,"1":1,"2":1,"3":1,"4":1,"5":1,"6":1,"7":1,"8":1,"9":1,"10":1,"11":1,"12":1,"13":1,"14":1,"15":1,"16":1,"17":1,"18":1,"19":1,"20":1,"21":1,"22":1,"23":1,"24":1,"25":1,"26":1,"27":1,"28":1,"29":1,"30":1,"31":1,"32":1,"33":1,"34":1,"35":1,"36":1,"37":1,"38":1,"39":1,"40":1,"41":1,"42":1,"43":2,"44":2,"45":1,"46":1,"47":1,"48":2,"49":2,"50":2,"51":2,"52":2,"53":2,"54":1,"55":1,"56":1,"57":1,"58":1,"59":1,"60":1,"61":1,"62":1,"63":1,"64":1,"65":1,"66":1,"67":1,"68":1,"69":1,"70":1,"71":1,"72":1,"73":1,"74":1,"75":1,"76":1,"77":1,"78":1,"79":1},"branchMap":{"0":{"type":"branch","line":19,"loc":{"start":{"line":19,"column":0},"end":{"line":22,"column":1}},"locations":[{"start":{"line":19,"column":0},"end":{"line":22,"column":1}}]},"1":{"type":"branch","line":24,"loc":{"start":{"line":24,"column":0},"end":{"line":32,"column":1}},"locations":[{"start":{"line":24,"column":0},"end":{"line":32,"column":1}}]},"2":{"type":"branch","line":34,"loc":{"start":{"line":34,"column":0},"end":{"line":42,"column":1}},"locations":[{"start":{"line":34,"column":0},"end":{"line":42,"column":1}}]},"3":{"type":"branch","line":44,"loc":{"start":{"line":44,"column":0},"end":{"line":47,"column":1}},"locations":[{"start":{"line":44,"column":0},"end":{"line":47,"column":1}}]},"4":{"type":"branch","line":45,"loc":{"start":{"line":45,"column":68},"end":{"line":47,"column":1}},"locations":[{"start":{"line":45,"column":68},"end":{"line":47,"column":1}}]},"5":{"type":"branch","line":49,"loc":{"start":{"line":49,"column":0},"end":{"line":54,"column":1}},"locations":[{"start":{"line":49,"column":0},"end":{"line":54,"column":1}}]},"6":{"type":"branch","line":57,"loc":{"start":{"line":57,"column":0},"end":{"line":62,"column":1}},"locations":[{"start":{"line":57,"column":0},"end":{"line":62,"column":1}}]},"7":{"type":"branch","line":64,"loc":{"start":{"line":64,"column":0},"end":{"line":72,"column":1}},"locations":[{"start":{"line":64,"column":0},"end":{"line":72,"column":1}}]},"8":{"type":"branch","line":75,"loc":{"start":{"line":75,"column":0},"end":{"line":80,"column":1}},"locations":[{"start":{"line":75,"column":0},"end":{"line":80,"column":1}}]}},"b":{"0":[1],"1":[1],"2":[1],"3":[2],"4":[1],"5":[2],"6":[1],"7":[1],"8":[1]},"fnMap":{"0":{"name":"getSummary","decl":{"start":{"line":19,"column":0},"end":{"line":22,"column":1}},"loc":{"start":{"line":19,"column":0},"end":{"line":22,"column":1}},"line":19},"1":{"name":"getTimeSeries","decl":{"start":{"line":24,"column":0},"end":{"line":32,"column":1}},"loc":{"start":{"line":24,"column":0},"end":{"line":32,"column":1}},"line":24},"2":{"name":"getDistribution","decl":{"start":{"line":34,"column":0},"end":{"line":42,"column":1}},"loc":{"start":{"line":34,"column":0},"end":{"line":42,"column":1}},"line":34},"3":{"name":"getAppVersions","decl":{"start":{"line":44,"column":0},"end":{"line":47,"column":1}},"loc":{"start":{"line":44,"column":0},"end":{"line":47,"column":1}},"line":44},"4":{"name":"getScenes","decl":{"start":{"line":49,"column":0},"end":{"line":54,"column":1}},"loc":{"start":{"line":49,"column":0},"end":{"line":54,"column":1}},"line":49},"5":{"name":"getCrashes","decl":{"start":{"line":57,"column":0},"end":{"line":62,"column":1}},"loc":{"start":{"line":57,"column":0},"end":{"line":62,"column":1}},"line":57},"6":{"name":"getCrashDetail","decl":{"start":{"line":64,"column":0},"end":{"line":72,"column":1}},"loc":{"start":{"line":64,"column":0},"end":{"line":72,"column":1}},"line":64},"7":{"name":"getExceptions","decl":{"start":{"line":75,"column":0},"end":{"line":80,"column":1}},"loc":{"start":{"line":75,"column":0},"end":{"line":80,"column":1}},"line":75}},"f":{"0":1,"1":1,"2":1,"3":2,"4":2,"5":1,"6":1,"7":1}}
,"/Users/alou/Codes/github.com/warriorguo/ozx_apm/admin/src/utils/format.ts": {"path":"/Users/alou/Codes/github.com/warriorguo/ozx_apm/admin/src/utils/format.ts","all":false,"statementMap":{"0":{"start":{"line":1,"column":0},"end":{"line":1,"column":43}},"1":{"start":{"line":2,"column":0},"end":{"line":2,"column":0}},"2":{"start":{"line":3,"column":0},"end":{"line":3,"column":67}},"3":{"start":{"line":4,"column":0},"end":{"line":4,"column":27}},"4":{"start":{"line":5,"column":0},"end":{"line":5,"column":47}},"5":{"start":{"line":6,"column":0},"end":{"line":6,"column":3}},"6":{"start":{"line":7,"column":0},"end":{"line":7,"column":23}},"7":{"start":{"line":8,"column":0},"end":{"line":8,"column":43}},"8":{"start":{"line":9,"column":0},"end":{"line":9,"column":3}},"9":{"start":{"line":10,"column":0},"end":{"line":10,"column":32}},"10":{"start":{"line":11,"column":0},"end":{"line":11,"column":1}},"11":{"start":{"line":12,"column":0},"end":{"line":12,"column":0}},"12":{"start":{"line":13,"column":0},"end":{"line":13,"column":68}},"13":{"start":{"line":14,"column":0},"end":{"line":14,"column":46}},"14":{"start":{"line":15,"column":0},"end":{"line":15,"column":1}},"15":{"start":{"line":16,"column":0},"end":{"line":16,"column":0}},"16":{"start":{"line":17,"column":0},"end":{"line":17,"column":63}},"17":{"start":{"line":18,"column":0},"end":{"line":18,"column":22}},"18":{"start":{"line":19,"column":0},"end":{"line":19,"column":42}},"19":{"start":{"line":20,"column":0},"end":{"line":20,"column":3}},"20":{"start":{"line":21,"column":0},"end":{"line":21,"column":39}},"21":{"start":{"line":22,"column":0},"end":{"line":22,"column":1}},"22":{"start":{"line":23,"column":0},"end":{"line":23,"column":0}},"23":{"start":{"line":24,"column":0},"end":{"line":24,"column":59}},"24":{"start":{"line":25,"column":0},"end":{"line":25,"column":7}},"25":{"start":{"line":26,"column":0},"end":{"line":26,"column":59}},"26":{"start":{"line":27,"column":0},"end":{"line":27,"column":11}},"27":{"start":{"line":28,"column":0},"end":{"line":28,"column":20}},"28":{"start":{"line":29,"column":0},"end":{"line":29,"column":3}},"29":{"start":{"line":30,"column":0},"end":{"line":30,"column":1}},"30":{"start":{"line":31,"column":0},"end":{"line":31,"column":0}},"31":{"start":{"line":32,"column":0},"end":{"line":32,"column":55}},"32":{"start":{"line":33,"column":0},"end":{"line":33,"column":7}},"33":{"start":{"line":34,"column":0},"end":{"line":34,"column":53}},"34":{"start":{"line":35,"column":0},"end":{"line":35,"column":11}},"35":{"start":{"line":36,"column":0},"end":{"line":36,"column":20}},"36":{"start":{"line":37,"column":0},"end":{"line":37,"column":3}},"37":{"start":{"line":38,"column":0},"end":{"line":38,"column":1}},"38":{"start":{"line":39,"column":0},"end":{"line":39,"column":0}},"39":{"start":{"line":40,"column":0},"end":{"line":40,"column":55}},"40":{"start":{"line":41,"column":0},"end":{"line":41,"column":7}},"41":{"start":{"line":42,"column":0},"end":{"line":42,"column":47}},"42":{"start":{"line":43,"column":0},"end":{"line":43,"column":11}},"43":{"start":{"line":44,"column":0},"end":{"line":44,"column":20}},"44":{"start":{"line":45,"column":0},"end":{"line":45,"column":3}},"45":{"start":{"line":46,"column":0},"end":{"line":46,"column":1}}},"s":{"0":1,"1":1,"2":1,"3":10,"4":2,"5":2,"6":10,"7":3,"8":3,"9":5,"10":5,"11":1,"12":1,"13":5,"14":5,"15":1,"16":1,"17":6,"18":2,"19":2,"20":4,"21":4,"22":1,"23":1,"24":2,"25":2,"26":2,"27":1,"28":1,"29":2,"30":1,"31":1,"32":2,"33":2,"34":2,"35":1,"36":1,"37":2,"38":1,"39":1,"40":2,"41":2,"42":2,"43":1,"44":1,"45":2},"branchMap":{"0":{"type":"branch","line":3,"loc":{"start":{"line":3,"column":7},"end":{"line":11,"column":1}},"locations":[{"start":{"line":3,"column":7},"end":{"line":11,"column":1}}]},"1":{"type":"branch","line":4,"loc":{"start":{"line":4,"column":26},"end":{"line":6,"column":3}},"locations":[{"start":{"line":4,"column":26},"end":{"line":6,"column":3}}]},"2":{"type":"branch","line":6,"loc":{"start":{"line":6,"column":2},"end":{"line":7,"column":22}},"locations":[{"start":{"line":6,"column":2},"end":{"line":7,"column":22}}]},"3":{"type":"branch","line":7,"loc":{"start":{"line":7,"column":22},"end":{"line":9,"column":3}},"locations":[{"start":{"line":7,"column":22},"end":{"line":9,"column":3}}]},"4":{"type":"branch","line":9,"loc":{"start":{"line":9,"column":2},"end":{"line":11,"column":1}},"locations":[{"start":{"line":9,"column":2},"end":{"line":11,"column":1}}]},"5":{"type":"branch","line":13,"loc":{"start":{"line":13,"column":7},"end":{"line":15,"column":1}},"locations":[{"start":{"line":13,"column":7},"end":{"line":15,"column":1}}]},"6":{"type":"branch","line":17,"loc":{"start":{"line":17,"column":7},"end":{"line":22,"column":1}},"locations":[{"start":{"line":17,"column":7},"end":{"line":22,"column":1}}]},"7":{"type":"branch","line":18,"loc":{"start":{"line":18,"column":21},"end":{"line":20,"column":3}},"locations":[{"start":{"line":18,"column":21},"end":{"line":20,"column":3}}]},"8":{"type":"branch","line":20,"loc":{"start":{"line":20,"column":2},"end":{"line":22,"column":1}},"locations":[{"start":{"line":20,"column":2},"end":{"line":22,"column":1}}]},"9":{"type":"branch","line":24,"loc":{"start":{"line":24,"column":7},"end":{"line":30,"column":1}},"locations":[{"start":{"line":24,"column":7},"end":{"line":30,"column":1}}]},"10":{"type":"branch","line":27,"loc":{"start":{"line":27,"column":2},"end":{"line":29,"column":3}},"locations":[{"start":{"line":27,"column":2},"end":{"line":29,"column":3}}]},"11":{"type":"branch","line":32,"loc":{"start":{"line":32,"column":7},"end":{"line":38,"column":1}},"locations":[{"start":{"line":32,"column":7},"end":{"line":38,"column":1}}]},"12":{"type":"branch","line":35,"loc":{"start":{"line":35,"column":2},"end":{"line":37,"column":3}},"locations":[{"start":{"line":35,"column":2},"end":{"line":37,"column":3}}]},"13":{"type":"branch","line":40,"loc":{"start":{"line":40,"column":7},"end":{"line":46,"column":1}},"locations":[{"start":{"line":40,"column":7},"end":{"line":46,"column":1}}]},"14":{"type":"branch","line":43,"loc":{"start":{"line":43,"column":2},"end":{"line":45,"column":3}},"locations":[{"start":{"line":43,"column":2},"end":{"line":45,"column":3}}]}},"b":{"0":[10],"1":[2],"2":[8],"3":[3],"4":[5],"5":[5],"6":[6],"7":[2],"8":[4],"9":[2],"10":[1],"11":[2],"12":[1],"13":[2],"14":[1]},"fnMap":{"0":{"name":"formatNumber","decl":{"start":{"line":3,"column":7},"end":{"line":11,"column":1}},"loc":{"start":{"line":3,"column":7},"end":{"line":11,"column":1}},"line":3},"1":{"name":"formatPercent","decl":{"start":{"line":13,"column":7},"end":{"line":15,"column":1}},"loc":{"start":{"line":13,"column":7},"end":{"line":15,"column":1}},"line":13},"2":{"name":"formatMs","decl":{"start":{"line":17,"column":7},"end":{"line":22,"column":1}},"loc":{"start":{"line":17,"column":7},"end":{"line":22,"column":1}},"line":17},"3":{"name":"formatDateTime","decl":{"start":{"line":24,"column":7},"end":{"line":30,"column":1}},"loc":{"start":{"line":24,"column":7},"end":{"line":30,"column":1}},"line":24},"4":{"name":"formatDate","decl":{"start":{"line":32,"column":7},"end":{"line":38,"column":1}},"loc":{"start":{"line":32,"column":7},"end":{"line":38,"column":1}},"line":32},"5":{"name":"formatTime","decl":{"start":{"line":40,"column":7},"end":{"line":46,"column":1}},"loc":{"start":{"line":40,"column":7},"end":{"line":46,"column":1}},"line":40}},"f":{"0":10,"1":5,"2":6,"3":2,"4":2,"5":2}}
}
